2023-11-17 23:16:06,398 [INFO] ApplicationProperties:184 - Using Application install path: C:\ST\STM32CubeIDE_1.10.1\STM32CubeIDE\plugins\com.st.stm32cube.common.mx_6.8.1.202304191431
2023-11-17 23:16:06,437 [INFO] DbMcusXml:78 - Set database path to: C:\ST\STM32CubeIDE_1.10.1\STM32CubeIDE\plugins\com.st.stm32cube.common.mx_6.8.1.202304191431\\db\/mcu/
2023-11-17 23:16:06,438 [INFO] ApiDb:274 - Set plugin database path to: C:\ST\STM32CubeIDE_1.10.1\STM32CubeIDE\plugins\com.st.stm32cube.common.mx_6.8.1.202304191431\\db\/plugins/boardmanager/
2023-11-17 23:16:06,440 [WARN] ApiDb:259 - Overriding images path with different value:  => C:\ST\STM32CubeIDE_1.10.1\STM32CubeIDE\plugins\com.st.stm32cube.common.mx_6.8.1.202304191431\\db\/plugins/mcufinder/images/
2023-11-17 23:16:06,460 [INFO] ApiDb:250 - Set database path to: C:\Users\7osensi\.stmcufinder\plugins\mcufinder//mcu/
2023-11-17 23:16:06,463 [INFO] DbMcusAds:125 - Set database path to: C:\Users\7osensi\.stmcufinder\plugins\mcufinder//mcu/
2023-11-17 23:16:17,572 [INFO] CrossReferenceDbSqlite:203 - Set database path to: C:\Users\7osensi\.stmcufinder\plugins\mcufinder//mcu/cs/
2023-11-17 23:16:17,716 [INFO] RulesReader:64 - Compatibility file has been processed (293 Rules)
2023-11-17 23:16:17,846 [INFO] DbMcusXml:78 - Set database path to: C:\ST\STM32CubeIDE_1.10.1\STM32CubeIDE\plugins\com.st.stm32cube.common.mx_6.8.1.202304191431\\db\/mcu/
2023-11-17 23:16:17,847 [INFO] ApiDb:274 - Set plugin database path to: C:\ST\STM32CubeIDE_1.10.1\STM32CubeIDE\plugins\com.st.stm32cube.common.mx_6.8.1.202304191431\\db\/plugins/boardmanager/
2023-11-17 23:16:17,847 [INFO] ApiDb:261 - Set plugin images path to: C:\ST\STM32CubeIDE_1.10.1\STM32CubeIDE\plugins\com.st.stm32cube.common.mx_6.8.1.202304191431\\db\/plugins/mcufinder/images/
2023-11-17 23:16:17,848 [WARN] DbFile:41 - Overriding database path with different value: C:\Users\7osensi\.stmcufinder\plugins\mcufinder/ => C:\Users\7osensi\.stmcufinder\plugins\mcufinder
2023-11-17 23:16:17,848 [INFO] ApiDb:250 - Set database path to: C:\Users\7osensi\.stmcufinder\plugins\mcufinder//mcu/
2023-11-17 23:16:17,848 [WARN] DbFile:41 - Overriding database path with different value: C:\Users\7osensi\.stmcufinder\plugins\mcufinder/ => C:\Users\7osensi\.stmcufinder\plugins\mcufinder
2023-11-17 23:16:17,849 [INFO] DbMcusAds:125 - Set database path to: C:\Users\7osensi\.stmcufinder\plugins\mcufinder//mcu/
2023-11-17 23:16:17,849 [WARN] DbFile:41 - Overriding database path with different value: C:\Users\7osensi\.stmcufinder\plugins\mcufinder/ => C:\Users\7osensi\.stmcufinder\plugins\mcufinder
2023-11-17 23:16:17,849 [WARN] DbFile:41 - Overriding database path with different value: C:\Users\7osensi\.stmcufinder\plugins\mcufinder/ => C:\Users\7osensi\.stmcufinder\plugins\mcufinder
2023-11-17 23:16:17,854 [INFO] CrossReferenceDbSqlite:203 - Set database path to: C:\Users\7osensi\.stmcufinder\plugins\mcufinder//mcu/cs/
2023-11-17 23:16:17,954 [INFO] MainPanel:253 - HeapMemory: 715128832
2023-11-17 23:16:18,114 [INFO] DbMcusXml:78 - Set database path to: C:\ST\STM32CubeIDE_1.10.1\STM32CubeIDE\plugins\com.st.stm32cube.common.mx_6.8.1.202304191431\\db\/mcu/
2023-11-17 23:16:18,114 [INFO] ApiDb:274 - Set plugin database path to: C:\ST\STM32CubeIDE_1.10.1\STM32CubeIDE\plugins\com.st.stm32cube.common.mx_6.8.1.202304191431\\db\/plugins/boardmanager/
2023-11-17 23:16:18,114 [INFO] ApiDb:261 - Set plugin images path to: C:\ST\STM32CubeIDE_1.10.1\STM32CubeIDE\plugins\com.st.stm32cube.common.mx_6.8.1.202304191431\\db\/plugins/mcufinder/images/
2023-11-17 23:16:18,115 [WARN] DbFile:41 - Overriding database path with different value: C:\Users\7osensi\.stmcufinder\plugins\mcufinder/ => C:\Users\7osensi\.stmcufinder\plugins\mcufinder
2023-11-17 23:16:18,115 [INFO] ApiDb:250 - Set database path to: C:\Users\7osensi\.stmcufinder\plugins\mcufinder//mcu/
2023-11-17 23:16:18,115 [WARN] DbFile:41 - Overriding database path with different value: C:\Users\7osensi\.stmcufinder\plugins\mcufinder/ => C:\Users\7osensi\.stmcufinder\plugins\mcufinder
2023-11-17 23:16:18,116 [INFO] DbMcusAds:125 - Set database path to: C:\Users\7osensi\.stmcufinder\plugins\mcufinder//mcu/
2023-11-17 23:16:18,116 [WARN] DbFile:41 - Overriding database path with different value: C:\Users\7osensi\.stmcufinder\plugins\mcufinder/ => C:\Users\7osensi\.stmcufinder\plugins\mcufinder
2023-11-17 23:16:18,116 [WARN] DbFile:41 - Overriding database path with different value: C:\Users\7osensi\.stmcufinder\plugins\mcufinder/ => C:\Users\7osensi\.stmcufinder\plugins\mcufinder
2023-11-17 23:16:18,119 [INFO] CrossReferenceDbSqlite:203 - Set database path to: C:\Users\7osensi\.stmcufinder\plugins\mcufinder//mcu/cs/
2023-11-17 23:16:18,145 [INFO] ApplicationProperties:184 - Using Application install path: C:\ST\STM32CubeIDE_1.10.1\STM32CubeIDE\plugins\com.st.stm32cube.common.mx_6.8.1.202304191431
2023-11-17 23:16:18,147 [INFO] PluginManage:196 - Search for loadable plugins [exclusion list=, ]
2023-11-17 23:16:18,152 [INFO] PluginManage:310 - Check plugin analytics
2023-11-17 23:16:34,425 [INFO] AnalyticsPlugin:253 - Accepted Software Licenses: 
2023-11-17 23:16:34,426 [INFO] AnalyticsPlugin:255 - Accepted CMSIS Pack Licenses: 
2023-11-17 23:16:34,426 [INFO] AnalyticsPlugin:257 - Accepted Firmware Licenses: FW.F4.1.27.0
2023-11-17 23:16:34,433 [INFO] PluginManage:359 - Loaded plugin analytics (category:tool,tabindex:-1)
2023-11-17 23:16:34,434 [INFO] PluginManage:310 - Check plugin cadmodel
2023-11-17 23:16:34,442 [INFO] CADModel:105 - Init CAD model plugin
2023-11-17 23:16:34,442 [INFO] PluginManage:359 - Loaded plugin cadmodel (category:power,tabindex:5)
2023-11-17 23:16:34,443 [INFO] PluginManage:310 - Check plugin clock
2023-11-17 23:16:34,457 [INFO] PluginManage:359 - Loaded plugin clock (category:base,tabindex:2)
2023-11-17 23:16:34,457 [INFO] PluginManage:310 - Check plugin ddr
2023-11-17 23:16:34,461 [INFO] PluginManage:359 - Loaded plugin ddr (category:tool,tabindex:6)
2023-11-17 23:16:34,461 [INFO] PluginManage:310 - Check plugin filemanager
2023-11-17 23:16:34,633 [INFO] PluginManage:359 - Loaded plugin filemanager (category:base,tabindex:10)
2023-11-17 23:16:34,634 [INFO] PluginManage:310 - Check plugin ipmanager
2023-11-17 23:16:34,643 [INFO] PluginManage:359 - Loaded plugin ipmanager (category:base,tabindex:5)
2023-11-17 23:16:34,643 [INFO] PluginManage:310 - Check plugin lpbam
2023-11-17 23:16:34,654 [INFO] PluginManage:359 - Loaded plugin lpbam (category:base,tabindex:0)
2023-11-17 23:16:34,654 [INFO] PluginManage:310 - Check plugin pinoutandconfiguration
2023-11-17 23:16:34,666 [INFO] PluginManage:359 - Loaded plugin pinoutandconfiguration (category:base,tabindex:1)
2023-11-17 23:16:34,666 [INFO] PluginManage:310 - Check plugin pinoutconfig
2023-11-17 23:16:34,806 [WARN] SupportedApi:132 - Cannot load RTOS API schema: s4s-elt-must-match.1: The content of 'definitions' must match (annotation?, (simpleType | complexType)?, (unique | key | keyref)*)). A problem was found starting at: attribute.
2023-11-17 23:16:35,001 [INFO] PluginManage:359 - Loaded plugin pinoutconfig (category:base,tabindex:0)
2023-11-17 23:16:35,001 [INFO] PluginManage:310 - Check plugin power
2023-11-17 23:16:35,015 [INFO] PluginManage:359 - Loaded plugin power (category:power,tabindex:4)
2023-11-17 23:16:35,016 [INFO] PluginManage:310 - Check plugin projectmanager
2023-11-17 23:16:35,034 [INFO] PluginManage:359 - Loaded plugin projectmanager (category:projectmanager,tabindex:3)
2023-11-17 23:16:35,034 [INFO] PluginManage:310 - Check plugin thirdparty
2023-11-17 23:16:35,223 [WARN] IntegrityCheckThread:84 - waiting for thirdparty lock release [integrity check]
2023-11-17 23:16:35,224 [INFO] IntegrityCheckThread:86 - entering critical section [integrity check]
2023-11-17 23:16:35,224 [INFO] PluginManage:359 - Loaded plugin thirdparty (category:base,tabindex:-1)
2023-11-17 23:16:35,224 [INFO] PluginManage:310 - Check plugin tools
2023-11-17 23:16:35,227 [INFO] ThirdPartyUpdaterWithRetryManager:70 - Updater plugin not ready yet. [1/15]
2023-11-17 23:16:35,228 [INFO] PluginManage:359 - Loaded plugin tools (category:base,tabindex:7)
2023-11-17 23:16:35,228 [INFO] PluginManage:310 - Check plugin tutovideos
2023-11-17 23:16:35,548 [INFO] PluginManage:359 - Loaded plugin tutovideos (category:base,tabindex:-1)
2023-11-17 23:16:35,549 [INFO] PluginManage:310 - Check plugin updater
2023-11-17 23:16:35,577 [INFO] PluginManage:359 - Loaded plugin updater (category:base,tabindex:12)
2023-11-17 23:16:35,578 [INFO] PluginManage:283 - PluginManage : Loaded plugins [15]
2023-11-17 23:16:35,946 [INFO] PinOutPanel:1499 - setPackage(No Configuration,No Configuration)
2023-11-17 23:16:36,018 [INFO] CADModel:165 - CPN selected for project level
2023-11-17 23:16:36,018 [INFO] CADModel:114 - Register for checkConnection events
2023-11-17 23:16:36,067 [INFO] IPUIPlugin:80 - create IPUIPlugin
2023-11-17 23:16:36,068 [INFO] PluginManager:220 - loadIPPluginJar : add adc
2023-11-17 23:16:36,072 [INFO] IPUIPlugin:80 - create IPUIPlugin
2023-11-17 23:16:36,072 [INFO] PluginManager:220 - loadIPPluginJar : add aes
2023-11-17 23:16:36,077 [INFO] IPUIPlugin:80 - create IPUIPlugin
2023-11-17 23:16:36,077 [INFO] PluginManager:220 - loadIPPluginJar : add can
2023-11-17 23:16:36,079 [INFO] IPUIPlugin:80 - create IPUIPlugin
2023-11-17 23:16:36,079 [INFO] PluginManager:220 - loadIPPluginJar : add comp
2023-11-17 23:16:36,083 [INFO] IPUIPlugin:80 - create IPUIPlugin
2023-11-17 23:16:36,083 [INFO] PluginManager:220 - loadIPPluginJar : add cryp
2023-11-17 23:16:36,088 [INFO] IPUIPlugin:80 - create IPUIPlugin
2023-11-17 23:16:36,088 [INFO] PluginManager:220 - loadIPPluginJar : add dfsdm
2023-11-17 23:16:36,096 [INFO] IPUIPlugin:80 - create IPUIPlugin
2023-11-17 23:16:36,097 [INFO] PluginManager:220 - loadIPPluginJar : add dma
2023-11-17 23:16:36,105 [INFO] IPUIPlugin:80 - create IPUIPlugin
2023-11-17 23:16:36,105 [INFO] PluginManager:220 - loadIPPluginJar : add dma3
2023-11-17 23:16:36,107 [INFO] IPUIPlugin:80 - create IPUIPlugin
2023-11-17 23:16:36,108 [INFO] PluginManager:220 - loadIPPluginJar : add fatfs
2023-11-17 23:16:36,113 [INFO] IPUIPlugin:80 - create IPUIPlugin
2023-11-17 23:16:36,113 [INFO] PluginManager:220 - loadIPPluginJar : add fmc
2023-11-17 23:16:36,123 [INFO] IPUIPlugin:80 - create IPUIPlugin
2023-11-17 23:16:36,123 [INFO] PluginManager:220 - loadIPPluginJar : add freertos
2023-11-17 23:16:36,125 [INFO] IPUIPlugin:80 - create IPUIPlugin
2023-11-17 23:16:36,125 [INFO] PluginManager:220 - loadIPPluginJar : add genericplugin
2023-11-17 23:16:36,129 [INFO] IPUIPlugin:80 - create IPUIPlugin
2023-11-17 23:16:36,129 [INFO] PluginManager:220 - loadIPPluginJar : add gfxmmu
2023-11-17 23:16:36,136 [INFO] IPUIPlugin:80 - create IPUIPlugin
2023-11-17 23:16:36,136 [INFO] PluginManager:220 - loadIPPluginJar : add gic
2023-11-17 23:16:36,141 [INFO] IPUIPlugin:80 - create IPUIPlugin
2023-11-17 23:16:36,141 [INFO] PluginManager:220 - loadIPPluginJar : add gpio
2023-11-17 23:16:36,145 [INFO] IPUIPlugin:80 - create IPUIPlugin
2023-11-17 23:16:36,145 [INFO] PluginManager:220 - loadIPPluginJar : add gtzc
2023-11-17 23:16:36,148 [INFO] IPUIPlugin:80 - create IPUIPlugin
2023-11-17 23:16:36,148 [INFO] PluginManager:220 - loadIPPluginJar : add hash
2023-11-17 23:16:36,151 [INFO] IPUIPlugin:80 - create IPUIPlugin
2023-11-17 23:16:36,151 [INFO] PluginManager:220 - loadIPPluginJar : add i2c
2023-11-17 23:16:36,165 [INFO] IPUIPlugin:80 - create IPUIPlugin
2023-11-17 23:16:36,165 [INFO] PluginManager:220 - loadIPPluginJar : add i2s
2023-11-17 23:16:36,172 [INFO] IPUIPlugin:80 - create IPUIPlugin
2023-11-17 23:16:36,173 [INFO] PluginManager:220 - loadIPPluginJar : add i3c
2023-11-17 23:16:36,179 [INFO] IPUIPlugin:80 - create IPUIPlugin
2023-11-17 23:16:36,179 [INFO] PluginManager:220 - loadIPPluginJar : add ipddr
2023-11-17 23:16:36,190 [INFO] IPUIPlugin:80 - create IPUIPlugin
2023-11-17 23:16:36,190 [INFO] PluginManager:220 - loadIPPluginJar : add linkedlist
2023-11-17 23:16:36,194 [INFO] IPUIPlugin:80 - create IPUIPlugin
2023-11-17 23:16:36,194 [INFO] PluginManager:220 - loadIPPluginJar : add lorawan
2023-11-17 23:16:36,196 [INFO] IPUIPlugin:80 - create IPUIPlugin
2023-11-17 23:16:36,196 [INFO] PluginManager:220 - loadIPPluginJar : add ltdc
2023-11-17 23:16:36,204 [INFO] IPUIPlugin:80 - create IPUIPlugin
2023-11-17 23:16:36,204 [INFO] PluginManager:220 - loadIPPluginJar : add mdma
2023-11-17 23:16:36,209 [INFO] IPUIPlugin:80 - create IPUIPlugin
2023-11-17 23:16:36,209 [INFO] PluginManager:220 - loadIPPluginJar : add nvic
2023-11-17 23:16:36,214 [INFO] IPUIPlugin:80 - create IPUIPlugin
2023-11-17 23:16:36,214 [INFO] PluginManager:220 - loadIPPluginJar : add opamp
2023-11-17 23:16:36,221 [INFO] IPUIPlugin:80 - create IPUIPlugin
2023-11-17 23:16:36,222 [INFO] PluginManager:220 - loadIPPluginJar : add openamp
2023-11-17 23:16:36,226 [INFO] IPUIPlugin:80 - create IPUIPlugin
2023-11-17 23:16:36,226 [INFO] PluginManager:220 - loadIPPluginJar : add pdm2pcm
2023-11-17 23:16:36,234 [INFO] IPUIPlugin:80 - create IPUIPlugin
2023-11-17 23:16:36,237 [INFO] PluginManager:220 - loadIPPluginJar : add plateformsettings
2023-11-17 23:16:36,239 [INFO] IPUIPlugin:80 - create IPUIPlugin
2023-11-17 23:16:36,239 [INFO] PluginManager:220 - loadIPPluginJar : add quadspi
2023-11-17 23:16:36,244 [INFO] IPUIPlugin:80 - create IPUIPlugin
2023-11-17 23:16:36,244 [INFO] PluginManager:220 - loadIPPluginJar : add resmgrutility
2023-11-17 23:16:36,249 [INFO] IPUIPlugin:80 - create IPUIPlugin
2023-11-17 23:16:36,249 [INFO] PluginManager:220 - loadIPPluginJar : add sai
2023-11-17 23:16:36,251 [INFO] IPUIPlugin:80 - create IPUIPlugin
2023-11-17 23:16:36,251 [INFO] PluginManager:220 - loadIPPluginJar : add spi
2023-11-17 23:16:36,257 [INFO] IPUIPlugin:80 - create IPUIPlugin
2023-11-17 23:16:36,257 [INFO] PluginManager:220 - loadIPPluginJar : add stm32_wpan
2023-11-17 23:16:36,268 [INFO] IPUIPlugin:80 - create IPUIPlugin
2023-11-17 23:16:36,269 [INFO] PluginManager:220 - loadIPPluginJar : add tim
2023-11-17 23:16:36,276 [INFO] IPUIPlugin:80 - create IPUIPlugin
2023-11-17 23:16:36,276 [INFO] PluginManager:220 - loadIPPluginJar : add touchsensing
2023-11-17 23:16:36,280 [INFO] IPUIPlugin:80 - create IPUIPlugin
2023-11-17 23:16:36,281 [INFO] PluginManager:220 - loadIPPluginJar : add tracer_emb
2023-11-17 23:16:36,284 [INFO] IPUIPlugin:80 - create IPUIPlugin
2023-11-17 23:16:36,284 [INFO] PluginManager:220 - loadIPPluginJar : add ts
2023-11-17 23:16:36,286 [INFO] IPUIPlugin:80 - create IPUIPlugin
2023-11-17 23:16:36,287 [INFO] PluginManager:220 - loadIPPluginJar : add tsc
2023-11-17 23:16:36,290 [INFO] IPUIPlugin:80 - create IPUIPlugin
2023-11-17 23:16:36,290 [INFO] PluginManager:220 - loadIPPluginJar : add ucpd
2023-11-17 23:16:36,294 [INFO] IPUIPlugin:80 - create IPUIPlugin
2023-11-17 23:16:36,294 [INFO] PluginManager:220 - loadIPPluginJar : add usart
2023-11-17 23:16:36,297 [INFO] IPUIPlugin:80 - create IPUIPlugin
2023-11-17 23:16:36,297 [INFO] PluginManager:220 - loadIPPluginJar : add usbx
2023-11-17 23:16:36,443 [INFO] CADModel:165 - CPN selected for project level
2023-11-17 23:16:36,443 [INFO] CADModel:114 - Register for checkConnection events
2023-11-17 23:16:36,445 [FATAL] Updater:308 - Updater called before beeing initialized
2023-11-17 23:16:36,446 [ERROR] CADModel:125 - Updater not yet initialized, retry later 
2023-11-17 23:16:36,701 [INFO] CADModel:165 - CPN selected for project level
2023-11-17 23:16:36,701 [INFO] CADModel:114 - Register for checkConnection events
2023-11-17 23:16:36,701 [FATAL] Updater:308 - Updater called before beeing initialized
2023-11-17 23:16:36,701 [ERROR] CADModel:125 - Updater not yet initialized, retry later 
2023-11-17 23:16:36,708 [FATAL] Updater:308 - Updater called before beeing initialized
2023-11-17 23:16:36,888 [FATAL] Updater:308 - Updater called before beeing initialized
2023-11-17 23:16:36,908 [INFO] DbMcusAds:53 - JSON generation date=Tue Mar 07 10:50:55 GMT+02:00 2023 (1678179055335)
2023-11-17 23:16:36,908 [FATAL] Updater:308 - Updater called before beeing initialized
2023-11-17 23:16:36,961 [WARN] DetailPanel:346 - Failed to get advertising image, set to default
2023-11-17 23:16:37,109 [FATAL] Updater:308 - Updater called before beeing initialized
2023-11-17 23:16:37,112 [FATAL] Updater:308 - Updater called before beeing initialized
2023-11-17 23:16:37,112 [FATAL] Updater:308 - Updater called before beeing initialized
2023-11-17 23:16:37,112 [WARN] DetailPanel:346 - Failed to get advertising image, set to default
2023-11-17 23:16:37,114 [FATAL] Updater:308 - Updater called before beeing initialized
2023-11-17 23:16:37,247 [ERROR] Updater:1120 - MainUpdater not yet initialized. External WinMGr cannot be set.
2023-11-17 23:16:37,251 [INFO] Updater:1056 - Updater Version found : 6.8.1
2023-11-17 23:16:37,283 [INFO] ApplicationProperties:184 - Using Application install path: C:\ST\STM32CubeIDE_1.10.1\STM32CubeIDE\plugins\com.st.stm32cube.common.mx_6.8.1.202304191431
2023-11-17 23:16:38,232 [INFO] ThirdPartyUpdaterWithRetryManager:70 - Updater plugin not ready yet. [2/15]
2023-11-17 23:16:41,239 [FATAL] Updater:308 - Updater called before beeing initialized
2023-11-17 23:16:41,241 [ERROR] IntegrityCheckThread:130 - Cannot retrieve database content from updater: error 21
2023-11-17 23:16:41,242 [INFO] ThirdParty:978 - Integrity check success = false
2023-11-17 23:16:41,243 [INFO] IntegrityCheckThread:100 - exiting critical section [integrity check]
2023-11-17 23:16:41,243 [INFO] IntegrityCheckThread:103 - End integrity checks thread
2023-11-17 23:16:48,636 [ERROR] ServerAccessManage:1172 - Problem during Server Connection :  IO error PKIX path building failed: sun.security.provider.certpath.SunCertPathBuilderException: unable to find valid certification path to requested target
2023-11-17 23:16:48,643 [INFO] MainUpdater:2854 - connection check result : 22
2023-11-17 23:16:48,644 [INFO] MainUpdater:283 - Updater Check For Update Now.
2023-11-17 23:16:48,644 [INFO] MicroXplorer:498 - Change Database Version : DB.6.0.81
2023-11-17 23:16:48,845 [INFO] CheckServerUpdateThread:120 - End of CheckServer Thread
2023-11-17 23:16:49,037 [ERROR] ServerAccessManage:1172 - Problem during Server Connection :  IO error PKIX path building failed: sun.security.provider.certpath.SunCertPathBuilderException: unable to find valid certification path to requested target
2023-11-17 23:16:49,041 [INFO] MainUpdater:2854 - connection check result : 22
