2023-11-20 00:07:31,543 [INFO] UtilMem:75 - End SaveConfig() Used Memory: 774384128 Bytes (1073741824)
2023-11-20 00:12:20,250 [INFO] MainUpdater:2854 - connection check result : 10
2023-11-20 00:12:20,251 [INFO] MainUpdater:2854 - connection check result : 10
2023-11-20 00:12:20,276 [INFO] MicroXplorer:468 - Change Database Path : 
2023-11-20 00:12:20,276 [INFO] MicroXplorer:498 - Change Database Version : DB.6.0.81
2023-11-20 00:12:20,295 [WARN] ThirdParty:871 - waiting for thirdparty lock release [close project]
2023-11-20 00:12:20,295 [INFO] ThirdParty:873 - entering critical section [close project]
2023-11-20 00:12:20,295 [INFO] ThirdParty:883 - exiting critical section [close project]
2023-11-20 00:12:20,296 [INFO] PinOutPanel:1499 - setPackage(No Configuration,No Configuration)
2023-11-20 00:12:20,301 [INFO] UtilMem:75 - Begin LoadConfig() Used Memory: 700063720 Bytes (1073741824)
2023-11-20 00:12:20,301 [INFO] MicroXplorer:468 - Change Database Path : 
2023-11-20 00:12:20,301 [INFO] MicroXplorer:498 - Change Database Version : DB.6.0.81
2023-11-20 00:12:20,301 [INFO] OpenFileManager:308 - Change cursor
2023-11-20 00:12:20,317 [INFO] RulesReader:64 - Compatibility file has been processed (293 Rules)
2023-11-20 00:12:20,319 [INFO] Mcu:1937 - Initializing MCU STM32F103C(8-B)Tx STM32F103C8Tx STM32F103C8T6
2023-11-20 00:12:20,850 [INFO] Context:659 - Trying to add GPIOservice into a context  which must be forbidden
2023-11-20 00:12:21,082 [INFO] RtosManager:555 - Registered RTOS mode: class=CMSIS, group=RTOS, mode=CMSIS_V1, owner=FREERTOS
2023-11-20 00:12:21,082 [INFO] RtosManager:555 - Registered RTOS mode: class=CMSIS, group=RTOS2, mode=CMSIS_V2, owner=FREERTOS
2023-11-20 00:12:21,083 [INFO] RtosManager:555 - Registered RTOS mode: class=RTOS, group=Core, mode=CMSIS_V1, owner=FREERTOS
2023-11-20 00:12:21,083 [INFO] RtosManager:555 - Registered RTOS mode: class=RTOS, group=Core, mode=CMSIS_V2, owner=FREERTOS
2023-11-20 00:12:21,083 [WARN] ModelIntegratedComponent:184 - Missing modes for component STMicroelectronics:FreeRTOS:0.0.1:STMicroelectronics:RTOS:FreeRTOS:Core:::10.2.0:
2023-11-20 00:12:21,085 [WARN] ModelIntegratedComponent:63 - No mode defined for component null
2023-11-20 00:12:21,085 [WARN] ModelIntegratedComponent:63 - No mode defined for component null
2023-11-20 00:12:21,085 [WARN] ModelIntegratedComponent:63 - No mode defined for component null
2023-11-20 00:12:21,085 [WARN] ModelIntegratedComponent:63 - No mode defined for component null
2023-11-20 00:12:21,085 [WARN] ModelIntegratedComponent:63 - No mode defined for component null
2023-11-20 00:12:21,085 [WARN] ModelIntegratedComponent:63 - No mode defined for component null
2023-11-20 00:12:21,085 [WARN] ModelIntegratedComponent:63 - No mode defined for component null
2023-11-20 00:12:21,085 [WARN] ModelIntegratedComponent:63 - No mode defined for component null
2023-11-20 00:12:21,085 [WARN] ModelIntegratedComponent:63 - No mode defined for component null
2023-11-20 00:12:21,085 [WARN] ModelIntegratedComponent:63 - No mode defined for component null
2023-11-20 00:12:21,085 [WARN] ModelIntegratedComponent:63 - No mode defined for component null
2023-11-20 00:12:21,085 [WARN] ModelIntegratedComponent:63 - No mode defined for component null
2023-11-20 00:12:21,085 [WARN] ModelIntegratedComponent:63 - No mode defined for component null
2023-11-20 00:12:21,086 [WARN] ModelIntegratedComponent:63 - No mode defined for component null
2023-11-20 00:12:21,086 [WARN] ModelIntegratedComponent:63 - No mode defined for component null
2023-11-20 00:12:21,086 [WARN] ModelIntegratedComponent:63 - No mode defined for component null
2023-11-20 00:12:21,086 [WARN] ModelIntegratedComponent:63 - No mode defined for component null
2023-11-20 00:12:21,086 [WARN] ModelIntegratedComponent:63 - No mode defined for component null
2023-11-20 00:12:21,086 [WARN] ModelIntegratedComponent:63 - No mode defined for component null
2023-11-20 00:12:21,086 [WARN] ModelIntegratedComponent:63 - No mode defined for component null
2023-11-20 00:12:21,086 [WARN] ModelIntegratedComponent:63 - No mode defined for component null
2023-11-20 00:12:21,086 [WARN] ModelIntegratedComponent:63 - No mode defined for component null
2023-11-20 00:12:21,086 [WARN] ModelIntegratedComponent:63 - No mode defined for component null
2023-11-20 00:12:21,086 [WARN] ModelIntegratedComponent:63 - No mode defined for component null
2023-11-20 00:12:21,086 [WARN] ModelIntegratedComponent:63 - No mode defined for component null
2023-11-20 00:12:21,087 [WARN] ModelIntegratedComponent:63 - No mode defined for component null
2023-11-20 00:12:21,087 [WARN] ModelIntegratedComponent:63 - No mode defined for component null
2023-11-20 00:12:21,087 [WARN] ModelIntegratedComponent:63 - No mode defined for component null
2023-11-20 00:12:21,087 [WARN] ModelIntegratedComponent:63 - No mode defined for component null
2023-11-20 00:12:21,087 [WARN] ModelIntegratedComponent:63 - No mode defined for component null
2023-11-20 00:12:21,087 [WARN] ModelIntegratedComponent:63 - No mode defined for component null
2023-11-20 00:12:21,087 [WARN] ModelIntegratedComponent:63 - No mode defined for component null
2023-11-20 00:12:21,087 [WARN] ModelIntegratedComponent:63 - No mode defined for component null
2023-11-20 00:12:21,437 [INFO] ThirdPartyModel:298 - Start build external matchings
2023-11-20 00:12:26,665 [INFO] ThirdPartyModel:316 - End build external matchings
2023-11-20 00:12:26,696 [INFO] ImportTextPane:194 - (OptionalMessage_ERROR) IP (RCC) : Invalid parameter (FamilyName)
2023-11-20 00:12:26,697 [INFO] ImportTextPane:194 - (OptionalMessage_ERROR) IP (RCC) : Parameter (USBFreq_Value) has invalid value (16000000)
2023-11-20 00:12:26,903 [INFO] UtilMem:75 - End LoadConfig() Used Memory: 758463520 Bytes (1073741824)
2023-11-20 00:12:26,964 [WARN] ThirdParty:833 - waiting for thirdparty lock release [change project]
2023-11-20 00:12:26,964 [INFO] ThirdParty:835 - entering critical section [change project]
2023-11-20 00:12:26,964 [INFO] ThirdParty:1030 - CMSIS Pack Vendor :STMicroelectronics X-CUBE-GNSS1 6.0.0
2023-11-20 00:12:26,964 [INFO] ThirdParty:1030 - CMSIS Pack Vendor :STMicroelectronics USB_HOST 2.0.0
2023-11-20 00:12:26,964 [INFO] ThirdParty:1030 - CMSIS Pack Vendor :STMicroelectronics X-CUBE-AZRTOS-F4 1.1.0
2023-11-20 00:12:26,964 [INFO] ThirdParty:1030 - CMSIS Pack Vendor :STMicroelectronics LIBJPEG 8.0.0
2023-11-20 00:12:26,964 [INFO] ThirdParty:1030 - CMSIS Pack Vendor :STMicroelectronics X-CUBE-SMBUS 2.1.0
2023-11-20 00:12:26,964 [INFO] ThirdParty:1030 - CMSIS Pack Vendor :STMicroelectronics X-CUBE-BLEMGR 1.2.0
2023-11-20 00:12:26,964 [INFO] ThirdParty:1030 - CMSIS Pack Vendor :STMicroelectronics X-CUBE-AZRTOS-F7 1.1.0
2023-11-20 00:12:26,964 [INFO] ThirdParty:1030 - CMSIS Pack Vendor :STMicroelectronics X-CUBE-AZRTOS-L5 2.0.0
2023-11-20 00:12:26,964 [INFO] ThirdParty:1030 - CMSIS Pack Vendor :STMicroelectronics USB_DEVICE 2.0.0
2023-11-20 00:12:26,965 [INFO] ThirdParty:1030 - CMSIS Pack Vendor :STMicroelectronics X-CUBE-MEMS1 9.6.0
2023-11-20 00:12:26,965 [INFO] ThirdParty:1030 - CMSIS Pack Vendor :STMicroelectronics X-CUBE-EEPRMA1 4.2.0
2023-11-20 00:12:26,965 [INFO] ThirdParty:1030 - CMSIS Pack Vendor :ITTIA_DB I-CUBE-ITTIADB 8.8.0
2023-11-20 00:12:26,965 [INFO] ThirdParty:1030 - CMSIS Pack Vendor :STMicroelectronics FP-SNS-MOTENV1 4.3.2
2023-11-20 00:12:26,965 [INFO] ThirdParty:1030 - CMSIS Pack Vendor :STMicroelectronics FP-SNS-MOTENV1 4.3.1
2023-11-20 00:12:26,965 [INFO] ThirdParty:1030 - CMSIS Pack Vendor :STMicroelectronics FP-SNS-FLIGHT1 5.0.1
2023-11-20 00:12:26,965 [INFO] ThirdParty:1030 - CMSIS Pack Vendor :STMicroelectronics X-CUBE-BLE1 6.2.3
2023-11-20 00:12:26,965 [INFO] ThirdParty:1030 - CMSIS Pack Vendor :STMicroelectronics X-CUBE-BLE1 6.2.4
2023-11-20 00:12:26,965 [INFO] ThirdParty:1030 - CMSIS Pack Vendor :STMicroelectronics FreeRTOS 0.0.1
2023-11-20 00:12:26,965 [INFO] ThirdParty:1030 - CMSIS Pack Vendor :emotas I-CUBE-CANOPEN 1.1.3
2023-11-20 00:12:26,965 [INFO] ThirdParty:1030 - CMSIS Pack Vendor :STMicroelectronics X-CUBE-BLEMGR 2.0.0
2023-11-20 00:12:26,965 [INFO] ThirdParty:1030 - CMSIS Pack Vendor :STMicroelectronics FP-SNS-FLIGHT1 5.0.2
2023-11-20 00:12:26,965 [INFO] ThirdParty:1030 - CMSIS Pack Vendor :STMicroelectronics X-CUBE-NFC4 2.0.5
2023-11-20 00:12:26,965 [INFO] ThirdParty:1030 - CMSIS Pack Vendor :STMicroelectronics X-CUBE-AZRTOS-H7 3.1.0
2023-11-20 00:12:26,966 [INFO] ThirdParty:1030 - CMSIS Pack Vendor :STMicroelectronics PDM2PCM 3.3.0
2023-11-20 00:12:26,966 [INFO] ThirdParty:1030 - CMSIS Pack Vendor :STMicroelectronics X-CUBE-DISPLAY 3.0.0
2023-11-20 00:12:26,966 [INFO] ThirdParty:1030 - CMSIS Pack Vendor :wolfSSL I-CUBE-wolfSSL 5.5.3
2023-11-20 00:12:26,966 [INFO] ThirdParty:1030 - CMSIS Pack Vendor :STMicroelectronics X-CUBE-BLE1 7.0.0
2023-11-20 00:12:26,966 [INFO] ThirdParty:1030 - CMSIS Pack Vendor :STMicroelectronics HAL Drivers 0.0.0
2023-11-20 00:12:26,966 [INFO] ThirdParty:1030 - CMSIS Pack Vendor :STMicroelectronics X-CUBE-TOUCHGFX 4.22.0
2023-11-20 00:12:26,966 [INFO] ThirdParty:1030 - CMSIS Pack Vendor :STMicroelectronics X-CUBE-NFC7 1.0.1
2023-11-20 00:12:26,966 [INFO] ThirdParty:1030 - CMSIS Pack Vendor :STMicroelectronics MBEDTLS 2.14.1
2023-11-20 00:12:26,966 [INFO] ThirdParty:1030 - CMSIS Pack Vendor :STMicroelectronics X-CUBE-NFC7 1.0.0
2023-11-20 00:12:26,966 [INFO] ThirdParty:1030 - CMSIS Pack Vendor :STMicroelectronics X-CUBE-TOUCHGFX 4.22.1
2023-11-20 00:12:26,966 [INFO] ThirdParty:1030 - CMSIS Pack Vendor :STMicroelectronics X-CUBE-NFC6 3.0.0
2023-11-20 00:12:26,966 [INFO] ThirdParty:1030 - CMSIS Pack Vendor :STMicroelectronics X-CUBE-MEMS1 9.3.0
2023-11-20 00:12:26,966 [INFO] ThirdParty:1030 - CMSIS Pack Vendor :STMicroelectronics X-CUBE-EEPRMA1 4.1.0
2023-11-20 00:12:26,966 [INFO] ThirdParty:1030 - CMSIS Pack Vendor :STMicroelectronics FP-SNS-SMARTAG2 1.2.0
2023-11-20 00:12:26,966 [INFO] ThirdParty:1030 - CMSIS Pack Vendor :STMicroelectronics X-CUBE-AZRTOS-WL 2.0.0
2023-11-20 00:12:26,966 [INFO] ThirdParty:1030 - CMSIS Pack Vendor :STMicroelectronics USB_DEVICE 1.0.0
2023-11-20 00:12:26,966 [INFO] ThirdParty:1030 - CMSIS Pack Vendor :STMicroelectronics X-CUBE-AI 8.1.0
2023-11-20 00:12:26,966 [INFO] ThirdParty:1030 - CMSIS Pack Vendor :STMicroelectronics X-CUBE-AZRTOS-L4 2.0.0
2023-11-20 00:12:26,966 [INFO] ThirdParty:1030 - CMSIS Pack Vendor :STMicroelectronics ThreadX 0.0.2
2023-11-20 00:12:26,967 [INFO] ThirdParty:1030 - CMSIS Pack Vendor :WES I-CUBE-Cesium 1.3.0
2023-11-20 00:12:26,967 [INFO] ThirdParty:1030 - CMSIS Pack Vendor :STMicroelectronics lwIP 2.1.2
2023-11-20 00:12:26,967 [INFO] ThirdParty:1030 - CMSIS Pack Vendor :STMicroelectronics X-CUBE-SFXS2LP1 4.0.0
2023-11-20 00:12:26,967 [INFO] ThirdParty:1030 - CMSIS Pack Vendor :STMicroelectronics X-CUBE-BLE2 3.3.0
2023-11-20 00:12:26,968 [INFO] ThirdParty:1030 - CMSIS Pack Vendor :STMicroelectronics X-CUBE-DISPLAY 2.2.0
2023-11-20 00:12:26,968 [INFO] ThirdParty:1030 - CMSIS Pack Vendor :STMicroelectronics X-CUBE-TOF1 3.2.0
2023-11-20 00:12:26,968 [INFO] ThirdParty:1030 - CMSIS Pack Vendor :STMicroelectronics PDM2PCM 3.2.0
2023-11-20 00:12:26,968 [INFO] ThirdParty:1030 - CMSIS Pack Vendor :STMicroelectronics X-CUBE-AZRTOS-H7 3.0.0
2023-11-20 00:12:26,968 [INFO] ThirdParty:1030 - CMSIS Pack Vendor :STMicroelectronics X-CUBE-ISPU 1.1.0
2023-11-20 00:12:26,968 [INFO] ThirdParty:1030 - CMSIS Pack Vendor :RoweBots I-CUBE-UNISONRTOS 5.5.0-4
2023-11-20 00:12:26,968 [INFO] ThirdParty:1030 - CMSIS Pack Vendor :STMicroelectronics X-CUBE-AZRTOS-H7 2.1.0
2023-11-20 00:12:26,968 [INFO] ThirdParty:1030 - CMSIS Pack Vendor :STMicroelectronics USB_DEVICE 3.0.0
2023-11-20 00:12:26,968 [INFO] ThirdParty:1030 - CMSIS Pack Vendor :STMicroelectronics X-CUBE-AI 8.0.0
2023-11-20 00:12:26,969 [INFO] ThirdParty:1030 - CMSIS Pack Vendor :STMicroelectronics X-CUBE-AZRTOS-WB 2.0.0
2023-11-20 00:12:26,969 [INFO] ThirdParty:1030 - CMSIS Pack Vendor :STMicroelectronics X-CUBE-FREERTOS 1.0.0
2023-11-20 00:12:26,969 [INFO] ThirdParty:1030 - CMSIS Pack Vendor :STMicroelectronics X-CUBE-FREERTOS 1.0.1
2023-11-20 00:12:26,969 [INFO] ThirdParty:1030 - CMSIS Pack Vendor :STMicroelectronics X-CUBE-TOUCHGFX 4.21.1
2023-11-20 00:12:26,969 [INFO] ThirdParty:1030 - CMSIS Pack Vendor :STMicroelectronics X-CUBE-TOUCHGFX 4.21.4
2023-11-20 00:12:26,969 [INFO] ThirdParty:1030 - CMSIS Pack Vendor :STMicroelectronics X-CUBE-MEMS1 9.4.0
2023-11-20 00:12:26,969 [INFO] ThirdParty:1030 - CMSIS Pack Vendor :STMicroelectronics X-CUBE-AI 7.3.0
2023-11-20 00:12:26,969 [INFO] ThirdParty:1030 - CMSIS Pack Vendor :STMicroelectronics X-CUBE-ALGOBUILD 1.3.0
2023-11-20 00:12:26,969 [INFO] ThirdParty:1030 - CMSIS Pack Vendor :STMicroelectronics X-CUBE-AZRTOS-L5 1.1.0
2023-11-20 00:12:26,969 [INFO] ThirdParty:1030 - CMSIS Pack Vendor :STMicroelectronics X-CUBE-AZRTOS-G0 1.1.0
2023-11-20 00:12:26,969 [INFO] ThirdParty:1030 - CMSIS Pack Vendor :STMicroelectronics X-CUBE-AI 8.0.1
2023-11-20 00:12:26,970 [INFO] ThirdParty:1030 - CMSIS Pack Vendor :STMicroelectronics X-CUBE-NFC4 3.0.0
2023-11-20 00:12:26,970 [INFO] ThirdParty:1030 - CMSIS Pack Vendor :STMicroelectronics X-CUBE-SUBG2 5.0.0
2023-11-20 00:12:26,970 [INFO] ThirdParty:1030 - CMSIS Pack Vendor :STMicroelectronics STM32_WPAN 1.0.0
2023-11-20 00:12:26,970 [INFO] ThirdParty:1030 - CMSIS Pack Vendor :SEGGER I-CUBE-embOS 1.2.1
2023-11-20 00:12:26,970 [INFO] ThirdParty:1030 - CMSIS Pack Vendor :STMicroelectronics lwIP 2.0.3
2023-11-20 00:12:26,970 [INFO] ThirdParty:1030 - CMSIS Pack Vendor :STMicroelectronics USB_HOST 1.0.0
2023-11-20 00:12:26,970 [INFO] ThirdParty:1030 - CMSIS Pack Vendor :STMicroelectronics X-CUBE-TOF1 3.3.1
2023-11-20 00:12:26,970 [INFO] ThirdParty:1030 - CMSIS Pack Vendor :STMicroelectronics X-CUBE-AZRTOS-G4 2.0.0
2023-11-20 00:12:26,970 [INFO] ThirdParty:1030 - CMSIS Pack Vendor :STMicroelectronics PDM2PCM 3.1.0
2023-11-20 00:12:26,970 [INFO] ThirdParty:1030 - CMSIS Pack Vendor :STMicroelectronics X-CUBE-TOF1 3.3.0
2023-11-20 00:12:26,970 [INFO] ThirdParty:1030 - CMSIS Pack Vendor :STMicroelectronics FP-ATR-ASTRA1 1.1.1
2023-11-20 00:12:26,971 [INFO] ThirdParty:1030 - CMSIS Pack Vendor :Infineon AIROC-Wi-Fi-Bluetooth-STM32 1.5.1
2023-11-20 00:12:26,971 [INFO] ThirdParty:1030 - CMSIS Pack Vendor :STMicroelectronics X-CUBE-BLEMGR 3.0.0
2023-11-20 00:12:26,971 [INFO] ThirdParty:1030 - CMSIS Pack Vendor :STMicroelectronics X-CUBE-BLEMGR 1.3.0
2023-11-20 00:12:26,971 [INFO] ThirdParty:1030 - CMSIS Pack Vendor :STMicroelectronics FP-SNS-MOTENVWB1 1.3.0
2023-11-20 00:12:26,971 [INFO] ThirdParty:1030 - CMSIS Pack Vendor :STMicroelectronics FP-ATR-SIGFOX1 3.2.0
2023-11-20 00:12:26,971 [INFO] ThirdParty:1030 - CMSIS Pack Vendor :STMicroelectronics X-CUBE-AZRTOS-G4 1.0.0
2023-11-20 00:12:26,971 [INFO] ThirdParty:1030 - CMSIS Pack Vendor :STMicroelectronics X-CUBE-AZRTOS-L4 1.0.0
2023-11-20 00:12:26,971 [INFO] ThirdParty:1030 - CMSIS Pack Vendor :STMicroelectronics MBEDTLS 2.16.2
2023-11-20 00:12:26,971 [INFO] ThirdParty:1030 - CMSIS Pack Vendor :STMicroelectronics X-CUBE-TOUCHGFX 4.20.0
2023-11-20 00:12:26,971 [INFO] ThirdParty:1030 - CMSIS Pack Vendor :STMicroelectronics X-CUBE-MEMS1 10.0.0
2023-11-20 00:12:26,971 [INFO] ThirdParty:1030 - CMSIS Pack Vendor :STMicroelectronics X-CUBE-FREERTOS 1.1.0
2023-11-20 00:12:26,972 [INFO] ThirdParty:1030 - CMSIS Pack Vendor :STMicroelectronics X-CUBE-AZRTOS-WL 1.0.0
2023-11-20 00:12:26,972 [INFO] ThirdParty:1030 - CMSIS Pack Vendor :portGmbH I-Cube-SoM-uGOAL 1.1.0
2023-11-20 00:12:26,972 [INFO] ThirdParty:1030 - CMSIS Pack Vendor :STMicroelectronics X-CUBE-ALS 1.0.1
2023-11-20 00:12:26,972 [INFO] ThirdParty:1030 - CMSIS Pack Vendor :STMicroelectronics X-CUBE-MEMS1 9.5.0
2023-11-20 00:12:26,972 [INFO] ThirdParty:1030 - CMSIS Pack Vendor :STMicroelectronics ThreadX 1.0.0
2023-11-20 00:12:26,972 [INFO] ThirdParty:1030 - CMSIS Pack Vendor :STMicroelectronics X-CUBE-AZRTOS-WB 1.1.0
2023-11-20 00:12:26,972 [INFO] ThirdParty:1030 - CMSIS Pack Vendor :SEGGER I-CUBE-embOS 1.3.1
2023-11-20 00:12:26,972 [INFO] ThirdParty:1030 - CMSIS Pack Vendor :STMicroelectronics X-CUBE-AZRTOS-L5 1.0.0
2023-11-20 00:12:26,972 [INFO] ThirdParty:1030 - CMSIS Pack Vendor :STMicroelectronics X-CUBE-EEPRMA1 3.1.1
2023-11-20 00:12:26,972 [INFO] ThirdParty:1030 - CMSIS Pack Vendor :STMicroelectronics FP-ATR-ASTRA1 2.0.0
2023-11-20 00:12:26,972 [INFO] ThirdParty:841 - exiting critical section [change project]
2023-11-20 00:12:27,108 [INFO] PinOutPanel:1499 - setPackage(No Configuration,No Configuration)
2023-11-20 00:12:27,109 [INFO] PinOutPanel:1499 - setPackage(STM32F103C8Tx,LQFP48)
2023-11-20 00:12:27,357 [INFO] UtilMem:75 - Before build in PCC Used Memory: 870035880 Bytes (1073741824)
2023-11-20 00:12:27,854 [INFO] UtilMem:75 - After build in PCC Used Memory: 911454632 Bytes (1073741824)
2023-11-20 00:12:27,897 [INFO] IPUIPlugin:80 - create IPUIPlugin
2023-11-20 00:12:27,897 [INFO] IPUIPlugin:80 - create IPUIPlugin
2023-11-20 00:12:27,898 [INFO] IPUIPlugin:80 - create IPUIPlugin
2023-11-20 00:12:27,898 [INFO] IPUIPlugin:80 - create IPUIPlugin
2023-11-20 00:12:27,898 [INFO] IPUIPlugin:80 - create IPUIPlugin
2023-11-20 00:12:27,899 [INFO] IPUIPlugin:80 - create IPUIPlugin
2023-11-20 00:12:27,899 [INFO] IPUIPlugin:80 - create IPUIPlugin
2023-11-20 00:12:27,899 [INFO] IPUIPlugin:80 - create IPUIPlugin
2023-11-20 00:12:27,900 [INFO] IPUIPlugin:80 - create IPUIPlugin
2023-11-20 00:12:27,900 [INFO] IPUIPlugin:80 - create IPUIPlugin
2023-11-20 00:12:27,900 [INFO] IPUIPlugin:80 - create IPUIPlugin
2023-11-20 00:12:27,901 [INFO] IPUIPlugin:80 - create IPUIPlugin
2023-11-20 00:12:27,901 [INFO] IPUIPlugin:80 - create IPUIPlugin
2023-11-20 00:12:27,901 [INFO] IPUIPlugin:80 - create IPUIPlugin
2023-11-20 00:12:27,901 [INFO] IPUIPlugin:80 - create IPUIPlugin
2023-11-20 00:12:27,903 [INFO] IPUIPlugin:80 - create IPUIPlugin
2023-11-20 00:12:27,903 [INFO] IPUIPlugin:80 - create IPUIPlugin
2023-11-20 00:12:27,904 [INFO] IPUIPlugin:80 - create IPUIPlugin
2023-11-20 00:12:27,904 [INFO] IPUIPlugin:80 - create IPUIPlugin
2023-11-20 00:12:27,905 [INFO] IPUIPlugin:80 - create IPUIPlugin
2023-11-20 00:12:27,905 [INFO] IPUIPlugin:80 - create IPUIPlugin
2023-11-20 00:12:27,906 [INFO] IPUIPlugin:80 - create IPUIPlugin
2023-11-20 00:12:27,907 [INFO] IPUIPlugin:80 - create IPUIPlugin
2023-11-20 00:12:27,907 [INFO] IPUIPlugin:80 - create IPUIPlugin
2023-11-20 00:12:27,908 [INFO] IPUIPlugin:80 - create IPUIPlugin
2023-11-20 00:12:27,909 [INFO] IPUIPlugin:80 - create IPUIPlugin
2023-11-20 00:12:27,910 [INFO] IPUIPlugin:80 - create IPUIPlugin
2023-11-20 00:12:27,955 [INFO] CADModel:165 - CPN selected for project levelSTM32F103C8T6
2023-11-20 00:12:27,955 [INFO] CADModel:114 - Register for checkConnection events
2023-11-20 00:12:28,064 [INFO] OpenFileManager:328 - Restore cursor
2023-11-20 00:12:37,538 [INFO] Gpio:273 - dependency for GPIO [RCC]
2023-11-20 00:13:03,020 [INFO] Gpio:273 - dependency for GPIO [RCC]
2023-11-20 00:13:03,069 [INFO] NvicIntPanel:101 - NVIC parent = com.st.microxplorer.plugins.ip.nvic.MultiNvicIntPanel[,0,0,0x0,invalid,layout=javax.swing.BoxLayout,alignmentX=0.0,alignmentY=0.0,border=,flags=9,maximumSize=,minimumSize=,preferredSize=]
2023-11-20 00:13:05,126 [INFO] Gpio:273 - dependency for GPIO [RCC]
2023-11-20 00:13:05,166 [INFO] NvicIntPanel:101 - NVIC parent = com.st.microxplorer.plugins.ip.nvic.MultiNvicIntPanel[,0,0,0x0,invalid,layout=javax.swing.BoxLayout,alignmentX=0.0,alignmentY=0.0,border=,flags=9,maximumSize=,minimumSize=,preferredSize=]
2023-11-20 00:16:55,613 [INFO] UtilMem:75 - End SaveConfig() Used Memory: 775850840 Bytes (1073741824)
2023-11-20 00:38:12,642 [INFO] UtilMem:75 - End SaveConfig() Used Memory: 779903480 Bytes (1073741824)
2023-11-20 00:38:13,518 [INFO] UtilMem:75 - End SaveConfig() Used Memory: 851153912 Bytes (1073741824)
2023-11-20 00:38:13,799 [INFO] BlockDiagram:2759 - set Specific Code input for plugin: NVIC
2023-11-20 00:38:13,799 [INFO] BlockDiagram:2759 - set Specific Code input for plugin: GPIO
2023-11-20 00:38:13,800 [INFO] BlockDiagram:2759 - set Specific Code input for plugin: RCC
2023-11-20 00:38:13,801 [INFO] CodeGenerator:793 - code generatio: config db path: C:\ST\STM32CubeIDE_1.10.1\STM32CubeIDE\plugins\com.st.stm32cube.common.mx_6.8.1.202304191431\\db\
2023-11-20 00:38:14,185 [INFO] CodeEngine:255 - oldGeneratedFile, D:\Mentorship\EventDrivenDemo_WS\EventBasedDemo01_MX\MXTmpFiles\license.tmp_save
2023-11-20 00:38:14,417 [INFO] CodeEngine:279 - Generated code: D:\Mentorship\EventDrivenDemo_WS\EventBasedDemo01_MX\MXTmpFiles\license.tmp
2023-11-20 00:38:14,479 [INFO] CodeEngine:255 - oldGeneratedFile, D:\Mentorship\EventDrivenDemo_WS\EventBasedDemo01_MX\MXTmpFiles\gpio.tmp_save
2023-11-20 00:38:14,741 [INFO] CodeEngine:279 - Generated code: D:\Mentorship\EventDrivenDemo_WS\EventBasedDemo01_MX\MXTmpFiles\gpio.tmp
2023-11-20 00:38:14,758 [INFO] CodeEngine:255 - oldGeneratedFile, D:\Mentorship\EventDrivenDemo_WS\EventBasedDemo01_MX\Core\Src\stm32f1xx_it.c_save
2023-11-20 00:38:15,567 [INFO] CodeEngine:279 - Generated code: D:\Mentorship\EventDrivenDemo_WS\EventBasedDemo01_MX\Core\Src\stm32f1xx_it.c
2023-11-20 00:38:15,575 [INFO] CodeEngine:255 - oldGeneratedFile, D:\Mentorship\EventDrivenDemo_WS\EventBasedDemo01_MX\Core\Inc\stm32f1xx_it.h_save
2023-11-20 00:38:15,728 [INFO] CodeEngine:279 - Generated code: D:\Mentorship\EventDrivenDemo_WS\EventBasedDemo01_MX\Core\Inc\stm32f1xx_it.h
2023-11-20 00:38:15,761 [INFO] CodeEngine:255 - oldGeneratedFile, D:\Mentorship\EventDrivenDemo_WS\EventBasedDemo01_MX\Core\Src\stm32f1xx_hal_msp.c_save
2023-11-20 00:38:15,993 [INFO] CodeEngine:279 - Generated code: D:\Mentorship\EventDrivenDemo_WS\EventBasedDemo01_MX\Core\Src\stm32f1xx_hal_msp.c
2023-11-20 00:38:16,002 [INFO] CodeEngine:255 - oldGeneratedFile, D:\Mentorship\EventDrivenDemo_WS\EventBasedDemo01_MX\MXTmpFiles\system.tmp_save
2023-11-20 00:38:16,170 [INFO] CodeEngine:279 - Generated code: D:\Mentorship\EventDrivenDemo_WS\EventBasedDemo01_MX\MXTmpFiles\system.tmp
2023-11-20 00:38:16,184 [INFO] CodeEngine:311 - oldGeneratedFile, D:\Mentorship\EventDrivenDemo_WS\EventBasedDemo01_MX\Core\Inc\stm32f1xx_hal_conf.h_save
2023-11-20 00:38:16,351 [INFO] CodeEngine:335 - Generated code: D:\Mentorship\EventDrivenDemo_WS\EventBasedDemo01_MX\Core\Inc\stm32f1xx_hal_conf.h
2023-11-20 00:38:16,387 [INFO] CodeEngine:255 - oldGeneratedFile, D:\Mentorship\EventDrivenDemo_WS\EventBasedDemo01_MX\Core\Inc\main.h_save
2023-11-20 00:38:16,564 [INFO] CodeEngine:279 - Generated code: D:\Mentorship\EventDrivenDemo_WS\EventBasedDemo01_MX\Core\Inc\main.h
2023-11-20 00:38:16,573 [INFO] CodeEngine:255 - oldGeneratedFile, D:\Mentorship\EventDrivenDemo_WS\EventBasedDemo01_MX\Core\Src\main.c_save
2023-11-20 00:38:16,768 [INFO] CodeEngine:279 - Generated code: D:\Mentorship\EventDrivenDemo_WS\EventBasedDemo01_MX\Core\Src\main.c
2023-11-20 00:38:17,746 [INFO] ProjectBuilder:2996 - Time for Copy HAL[1] : 99mS.
2023-11-20 00:38:17,749 [INFO] ProjectBuilder:4304 - Project Generator version: 3.19.2
2023-11-20 00:38:18,268 [INFO] ConfigFileManager:1483 - The Die is : DIE410
2023-11-20 00:38:18,270 [INFO] ApiDbMcu:507 - Load IP Config File for FATFS
2023-11-20 00:38:18,274 [INFO] ApiDbMcu:507 - Load IP Config File for FREERTOS
2023-11-20 00:38:18,279 [INFO] ApiDbMcu:507 - Load IP Config File for USB_DEVICE
2023-11-20 00:38:22,255 [INFO] ProjectBuilder:4505 - Time for Generating toolchain IDE Files: 4505mS.
2023-11-20 00:38:22,256 [INFO] ProjectBuilder:2867 - Time for Copy CMSIS : 1mS.
2023-11-20 00:38:22,261 [INFO] ProjectBuilder:2867 - Time for Copy CMSIS : 1mS.
2023-11-20 00:40:21,590 [INFO] UtilMem:75 - End SaveConfig() Used Memory: 742830360 Bytes (1073741824)
2023-11-20 00:40:26,495 [INFO] UtilMem:75 - End SaveConfig() Used Memory: 871282968 Bytes (1073741824)
2023-11-20 00:40:27,467 [INFO] BlockDiagram:2759 - set Specific Code input for plugin: NVIC
2023-11-20 00:40:27,469 [INFO] BlockDiagram:2759 - set Specific Code input for plugin: GPIO
2023-11-20 00:40:27,469 [INFO] BlockDiagram:2759 - set Specific Code input for plugin: RCC
2023-11-20 00:40:27,470 [INFO] CodeGenerator:793 - code generatio: config db path: C:\ST\STM32CubeIDE_1.10.1\STM32CubeIDE\plugins\com.st.stm32cube.common.mx_6.8.1.202304191431\\db\
2023-11-20 00:40:27,924 [INFO] CodeEngine:255 - oldGeneratedFile, D:\Mentorship\EventDrivenDemo_WS\EventBasedDemo01_MX\MXTmpFiles\license.tmp_save
2023-11-20 00:40:28,352 [INFO] CodeEngine:279 - Generated code: D:\Mentorship\EventDrivenDemo_WS\EventBasedDemo01_MX\MXTmpFiles\license.tmp
2023-11-20 00:40:28,386 [INFO] CodeEngine:255 - oldGeneratedFile, D:\Mentorship\EventDrivenDemo_WS\EventBasedDemo01_MX\MXTmpFiles\gpio.tmp_save
2023-11-20 00:40:28,964 [INFO] CodeEngine:279 - Generated code: D:\Mentorship\EventDrivenDemo_WS\EventBasedDemo01_MX\MXTmpFiles\gpio.tmp
2023-11-20 00:40:28,986 [INFO] CodeEngine:255 - oldGeneratedFile, D:\Mentorship\EventDrivenDemo_WS\EventBasedDemo01_MX\Core\Src\stm32f1xx_it.c_save
2023-11-20 00:40:29,848 [INFO] CodeEngine:279 - Generated code: D:\Mentorship\EventDrivenDemo_WS\EventBasedDemo01_MX\Core\Src\stm32f1xx_it.c
2023-11-20 00:40:29,867 [INFO] CodeEngine:255 - oldGeneratedFile, D:\Mentorship\EventDrivenDemo_WS\EventBasedDemo01_MX\Core\Inc\stm32f1xx_it.h_save
2023-11-20 00:40:30,118 [INFO] CodeEngine:279 - Generated code: D:\Mentorship\EventDrivenDemo_WS\EventBasedDemo01_MX\Core\Inc\stm32f1xx_it.h
2023-11-20 00:40:30,143 [INFO] CodeEngine:255 - oldGeneratedFile, D:\Mentorship\EventDrivenDemo_WS\EventBasedDemo01_MX\Core\Src\stm32f1xx_hal_msp.c_save
2023-11-20 00:40:30,337 [INFO] CodeEngine:279 - Generated code: D:\Mentorship\EventDrivenDemo_WS\EventBasedDemo01_MX\Core\Src\stm32f1xx_hal_msp.c
2023-11-20 00:40:30,343 [INFO] CodeEngine:255 - oldGeneratedFile, D:\Mentorship\EventDrivenDemo_WS\EventBasedDemo01_MX\MXTmpFiles\system.tmp_save
2023-11-20 00:40:30,471 [INFO] CodeEngine:279 - Generated code: D:\Mentorship\EventDrivenDemo_WS\EventBasedDemo01_MX\MXTmpFiles\system.tmp
2023-11-20 00:40:30,484 [INFO] CodeEngine:311 - oldGeneratedFile, D:\Mentorship\EventDrivenDemo_WS\EventBasedDemo01_MX\Core\Inc\stm32f1xx_hal_conf.h_save
2023-11-20 00:40:30,613 [INFO] CodeEngine:335 - Generated code: D:\Mentorship\EventDrivenDemo_WS\EventBasedDemo01_MX\Core\Inc\stm32f1xx_hal_conf.h
2023-11-20 00:40:30,652 [INFO] CodeEngine:255 - oldGeneratedFile, D:\Mentorship\EventDrivenDemo_WS\EventBasedDemo01_MX\Core\Inc\main.h_save
2023-11-20 00:40:30,744 [INFO] CodeEngine:279 - Generated code: D:\Mentorship\EventDrivenDemo_WS\EventBasedDemo01_MX\Core\Inc\main.h
2023-11-20 00:40:30,749 [INFO] CodeEngine:255 - oldGeneratedFile, D:\Mentorship\EventDrivenDemo_WS\EventBasedDemo01_MX\Core\Src\main.c_save
2023-11-20 00:40:30,834 [INFO] CodeEngine:279 - Generated code: D:\Mentorship\EventDrivenDemo_WS\EventBasedDemo01_MX\Core\Src\main.c
2023-11-20 00:40:31,511 [INFO] ProjectBuilder:2996 - Time for Copy HAL[1] : 95mS.
2023-11-20 00:40:31,513 [INFO] ProjectBuilder:4304 - Project Generator version: 3.19.2
2023-11-20 00:40:32,265 [INFO] ConfigFileManager:1483 - The Die is : DIE410
2023-11-20 00:40:36,467 [INFO] ProjectBuilder:4505 - Time for Generating toolchain IDE Files: 4949mS.
2023-11-20 00:40:36,473 [INFO] ProjectBuilder:2867 - Time for Copy CMSIS : 1mS.
2023-11-20 00:40:36,479 [INFO] ProjectBuilder:2867 - Time for Copy CMSIS : 0mS.
2023-11-20 00:44:59,570 [INFO] UtilMem:75 - End SaveConfig() Used Memory: 819351136 Bytes (1073741824)
2023-11-20 00:45:03,331 [INFO] UtilMem:75 - End SaveConfig() Used Memory: 696114832 Bytes (1073741824)
2023-11-20 00:45:03,682 [INFO] BlockDiagram:2759 - set Specific Code input for plugin: NVIC
2023-11-20 00:45:03,683 [INFO] BlockDiagram:2759 - set Specific Code input for plugin: GPIO
2023-11-20 00:45:03,683 [INFO] BlockDiagram:2759 - set Specific Code input for plugin: RCC
2023-11-20 00:45:03,685 [INFO] CodeGenerator:793 - code generatio: config db path: C:\ST\STM32CubeIDE_1.10.1\STM32CubeIDE\plugins\com.st.stm32cube.common.mx_6.8.1.202304191431\\db\
2023-11-20 00:45:04,071 [INFO] CodeEngine:255 - oldGeneratedFile, D:\Mentorship\EventDrivenDemo_WS\EventBasedDemo01_MX\MXTmpFiles\license.tmp_save
2023-11-20 00:45:04,245 [INFO] CodeEngine:279 - Generated code: D:\Mentorship\EventDrivenDemo_WS\EventBasedDemo01_MX\MXTmpFiles\license.tmp
2023-11-20 00:45:04,274 [INFO] CodeEngine:255 - oldGeneratedFile, D:\Mentorship\EventDrivenDemo_WS\EventBasedDemo01_MX\MXTmpFiles\gpio.tmp_save
2023-11-20 00:45:04,452 [INFO] CodeEngine:279 - Generated code: D:\Mentorship\EventDrivenDemo_WS\EventBasedDemo01_MX\MXTmpFiles\gpio.tmp
2023-11-20 00:45:04,464 [INFO] CodeEngine:255 - oldGeneratedFile, D:\Mentorship\EventDrivenDemo_WS\EventBasedDemo01_MX\Core\Src\stm32f1xx_it.c_save
2023-11-20 00:45:04,684 [INFO] CodeEngine:279 - Generated code: D:\Mentorship\EventDrivenDemo_WS\EventBasedDemo01_MX\Core\Src\stm32f1xx_it.c
2023-11-20 00:45:04,694 [INFO] CodeEngine:255 - oldGeneratedFile, D:\Mentorship\EventDrivenDemo_WS\EventBasedDemo01_MX\Core\Inc\stm32f1xx_it.h_save
2023-11-20 00:45:04,864 [INFO] CodeEngine:279 - Generated code: D:\Mentorship\EventDrivenDemo_WS\EventBasedDemo01_MX\Core\Inc\stm32f1xx_it.h
2023-11-20 00:45:04,899 [INFO] CodeEngine:255 - oldGeneratedFile, D:\Mentorship\EventDrivenDemo_WS\EventBasedDemo01_MX\Core\Src\stm32f1xx_hal_msp.c_save
2023-11-20 00:45:05,320 [INFO] CodeEngine:279 - Generated code: D:\Mentorship\EventDrivenDemo_WS\EventBasedDemo01_MX\Core\Src\stm32f1xx_hal_msp.c
2023-11-20 00:45:05,333 [INFO] CodeEngine:255 - oldGeneratedFile, D:\Mentorship\EventDrivenDemo_WS\EventBasedDemo01_MX\MXTmpFiles\system.tmp_save
2023-11-20 00:45:05,500 [INFO] CodeEngine:279 - Generated code: D:\Mentorship\EventDrivenDemo_WS\EventBasedDemo01_MX\MXTmpFiles\system.tmp
2023-11-20 00:45:05,512 [INFO] CodeEngine:311 - oldGeneratedFile, D:\Mentorship\EventDrivenDemo_WS\EventBasedDemo01_MX\Core\Inc\stm32f1xx_hal_conf.h_save
2023-11-20 00:45:05,701 [INFO] CodeEngine:335 - Generated code: D:\Mentorship\EventDrivenDemo_WS\EventBasedDemo01_MX\Core\Inc\stm32f1xx_hal_conf.h
2023-11-20 00:45:05,744 [INFO] CodeEngine:255 - oldGeneratedFile, D:\Mentorship\EventDrivenDemo_WS\EventBasedDemo01_MX\Core\Inc\main.h_save
2023-11-20 00:45:05,899 [INFO] CodeEngine:279 - Generated code: D:\Mentorship\EventDrivenDemo_WS\EventBasedDemo01_MX\Core\Inc\main.h
2023-11-20 00:45:05,907 [INFO] CodeEngine:255 - oldGeneratedFile, D:\Mentorship\EventDrivenDemo_WS\EventBasedDemo01_MX\Core\Src\main.c_save
2023-11-20 00:45:06,234 [INFO] CodeEngine:279 - Generated code: D:\Mentorship\EventDrivenDemo_WS\EventBasedDemo01_MX\Core\Src\main.c
2023-11-20 00:45:07,939 [INFO] ProjectBuilder:2996 - Time for Copy HAL[1] : 250mS.
2023-11-20 00:45:07,947 [INFO] ProjectBuilder:4304 - Project Generator version: 3.19.2
2023-11-20 00:45:08,911 [INFO] ConfigFileManager:1483 - The Die is : DIE410
2023-11-20 00:45:11,063 [INFO] ProjectBuilder:4505 - Time for Generating toolchain IDE Files: 3117mS.
2023-11-20 00:45:11,064 [INFO] ProjectBuilder:2867 - Time for Copy CMSIS : 1mS.
2023-11-20 00:45:11,066 [INFO] ProjectBuilder:2867 - Time for Copy CMSIS : 0mS.
2023-11-20 00:50:51,256 [INFO] UtilMem:75 - End SaveConfig() Used Memory: 821283088 Bytes (1073741824)
2023-11-20 00:50:55,971 [INFO] UtilMem:75 - End SaveConfig() Used Memory: 706717616 Bytes (1073741824)
2023-11-20 00:50:56,325 [INFO] BlockDiagram:2759 - set Specific Code input for plugin: NVIC
2023-11-20 00:50:56,326 [INFO] BlockDiagram:2759 - set Specific Code input for plugin: GPIO
2023-11-20 00:50:56,326 [INFO] BlockDiagram:2759 - set Specific Code input for plugin: RCC
2023-11-20 00:50:56,327 [INFO] CodeGenerator:793 - code generatio: config db path: C:\ST\STM32CubeIDE_1.10.1\STM32CubeIDE\plugins\com.st.stm32cube.common.mx_6.8.1.202304191431\\db\
2023-11-20 00:50:56,654 [INFO] CodeEngine:255 - oldGeneratedFile, D:\Mentorship\EventDrivenDemo_WS\EventBasedDemo01_MX\MXTmpFiles\license.tmp_save
2023-11-20 00:50:56,744 [INFO] CodeEngine:279 - Generated code: D:\Mentorship\EventDrivenDemo_WS\EventBasedDemo01_MX\MXTmpFiles\license.tmp
2023-11-20 00:50:56,774 [INFO] CodeEngine:255 - oldGeneratedFile, D:\Mentorship\EventDrivenDemo_WS\EventBasedDemo01_MX\MXTmpFiles\gpio.tmp_save
2023-11-20 00:50:56,965 [INFO] CodeEngine:279 - Generated code: D:\Mentorship\EventDrivenDemo_WS\EventBasedDemo01_MX\MXTmpFiles\gpio.tmp
2023-11-20 00:50:56,992 [INFO] CodeEngine:255 - oldGeneratedFile, D:\Mentorship\EventDrivenDemo_WS\EventBasedDemo01_MX\Core\Src\stm32f1xx_it.c_save
2023-11-20 00:50:57,183 [INFO] CodeEngine:279 - Generated code: D:\Mentorship\EventDrivenDemo_WS\EventBasedDemo01_MX\Core\Src\stm32f1xx_it.c
2023-11-20 00:50:57,191 [INFO] CodeEngine:255 - oldGeneratedFile, D:\Mentorship\EventDrivenDemo_WS\EventBasedDemo01_MX\Core\Inc\stm32f1xx_it.h_save
2023-11-20 00:50:57,352 [INFO] CodeEngine:279 - Generated code: D:\Mentorship\EventDrivenDemo_WS\EventBasedDemo01_MX\Core\Inc\stm32f1xx_it.h
2023-11-20 00:50:57,376 [INFO] CodeEngine:255 - oldGeneratedFile, D:\Mentorship\EventDrivenDemo_WS\EventBasedDemo01_MX\Core\Src\stm32f1xx_hal_msp.c_save
2023-11-20 00:50:57,554 [INFO] CodeEngine:279 - Generated code: D:\Mentorship\EventDrivenDemo_WS\EventBasedDemo01_MX\Core\Src\stm32f1xx_hal_msp.c
2023-11-20 00:50:57,560 [INFO] CodeEngine:255 - oldGeneratedFile, D:\Mentorship\EventDrivenDemo_WS\EventBasedDemo01_MX\MXTmpFiles\system.tmp_save
2023-11-20 00:50:57,693 [INFO] CodeEngine:279 - Generated code: D:\Mentorship\EventDrivenDemo_WS\EventBasedDemo01_MX\MXTmpFiles\system.tmp
2023-11-20 00:50:57,709 [INFO] CodeEngine:311 - oldGeneratedFile, D:\Mentorship\EventDrivenDemo_WS\EventBasedDemo01_MX\Core\Inc\stm32f1xx_hal_conf.h_save
2023-11-20 00:50:57,891 [INFO] CodeEngine:335 - Generated code: D:\Mentorship\EventDrivenDemo_WS\EventBasedDemo01_MX\Core\Inc\stm32f1xx_hal_conf.h
2023-11-20 00:50:57,925 [INFO] CodeEngine:255 - oldGeneratedFile, D:\Mentorship\EventDrivenDemo_WS\EventBasedDemo01_MX\Core\Inc\main.h_save
2023-11-20 00:50:58,110 [INFO] CodeEngine:279 - Generated code: D:\Mentorship\EventDrivenDemo_WS\EventBasedDemo01_MX\Core\Inc\main.h
2023-11-20 00:50:58,119 [INFO] CodeEngine:255 - oldGeneratedFile, D:\Mentorship\EventDrivenDemo_WS\EventBasedDemo01_MX\Core\Src\main.c_save
2023-11-20 00:50:58,537 [INFO] CodeEngine:279 - Generated code: D:\Mentorship\EventDrivenDemo_WS\EventBasedDemo01_MX\Core\Src\main.c
2023-11-20 00:51:00,504 [INFO] ProjectBuilder:2996 - Time for Copy HAL[1] : 284mS.
2023-11-20 00:51:00,511 [INFO] ProjectBuilder:4304 - Project Generator version: 3.19.2
2023-11-20 00:51:01,558 [INFO] ConfigFileManager:1483 - The Die is : DIE410
2023-11-20 00:51:05,194 [INFO] ProjectBuilder:4505 - Time for Generating toolchain IDE Files: 4683mS.
2023-11-20 00:51:05,196 [INFO] ProjectBuilder:2867 - Time for Copy CMSIS : 0mS.
2023-11-20 00:51:05,200 [INFO] ProjectBuilder:2867 - Time for Copy CMSIS : 0mS.
2023-11-20 00:52:29,167 [INFO] UtilMem:75 - End SaveConfig() Used Memory: 775152912 Bytes (1073741824)
2023-11-20 00:52:33,439 [INFO] UtilMem:75 - End SaveConfig() Used Memory: 705838616 Bytes (1073741824)
2023-11-20 00:52:33,746 [INFO] BlockDiagram:2759 - set Specific Code input for plugin: NVIC
2023-11-20 00:52:33,746 [INFO] BlockDiagram:2759 - set Specific Code input for plugin: GPIO
2023-11-20 00:52:33,746 [INFO] BlockDiagram:2759 - set Specific Code input for plugin: RCC
2023-11-20 00:52:33,747 [INFO] CodeGenerator:793 - code generatio: config db path: C:\ST\STM32CubeIDE_1.10.1\STM32CubeIDE\plugins\com.st.stm32cube.common.mx_6.8.1.202304191431\\db\
2023-11-20 00:52:33,988 [INFO] CodeEngine:255 - oldGeneratedFile, D:\Mentorship\EventDrivenDemo_WS\EventBasedDemo01_MX\MXTmpFiles\license.tmp_save
2023-11-20 00:52:34,079 [INFO] CodeEngine:279 - Generated code: D:\Mentorship\EventDrivenDemo_WS\EventBasedDemo01_MX\MXTmpFiles\license.tmp
2023-11-20 00:52:34,098 [INFO] CodeEngine:255 - oldGeneratedFile, D:\Mentorship\EventDrivenDemo_WS\EventBasedDemo01_MX\MXTmpFiles\gpio.tmp_save
2023-11-20 00:52:34,218 [INFO] CodeEngine:279 - Generated code: D:\Mentorship\EventDrivenDemo_WS\EventBasedDemo01_MX\MXTmpFiles\gpio.tmp
2023-11-20 00:52:34,229 [INFO] CodeEngine:255 - oldGeneratedFile, D:\Mentorship\EventDrivenDemo_WS\EventBasedDemo01_MX\Core\Src\stm32f1xx_it.c_save
2023-11-20 00:52:34,324 [INFO] CodeEngine:279 - Generated code: D:\Mentorship\EventDrivenDemo_WS\EventBasedDemo01_MX\Core\Src\stm32f1xx_it.c
2023-11-20 00:52:34,327 [INFO] CodeEngine:255 - oldGeneratedFile, D:\Mentorship\EventDrivenDemo_WS\EventBasedDemo01_MX\Core\Inc\stm32f1xx_it.h_save
2023-11-20 00:52:34,402 [INFO] CodeEngine:279 - Generated code: D:\Mentorship\EventDrivenDemo_WS\EventBasedDemo01_MX\Core\Inc\stm32f1xx_it.h
2023-11-20 00:52:34,415 [INFO] CodeEngine:255 - oldGeneratedFile, D:\Mentorship\EventDrivenDemo_WS\EventBasedDemo01_MX\Core\Src\stm32f1xx_hal_msp.c_save
2023-11-20 00:52:34,636 [INFO] CodeEngine:279 - Generated code: D:\Mentorship\EventDrivenDemo_WS\EventBasedDemo01_MX\Core\Src\stm32f1xx_hal_msp.c
2023-11-20 00:52:34,640 [INFO] CodeEngine:255 - oldGeneratedFile, D:\Mentorship\EventDrivenDemo_WS\EventBasedDemo01_MX\MXTmpFiles\system.tmp_save
2023-11-20 00:52:34,715 [INFO] CodeEngine:279 - Generated code: D:\Mentorship\EventDrivenDemo_WS\EventBasedDemo01_MX\MXTmpFiles\system.tmp
2023-11-20 00:52:34,720 [INFO] CodeEngine:311 - oldGeneratedFile, D:\Mentorship\EventDrivenDemo_WS\EventBasedDemo01_MX\Core\Inc\stm32f1xx_hal_conf.h_save
2023-11-20 00:52:34,797 [INFO] CodeEngine:335 - Generated code: D:\Mentorship\EventDrivenDemo_WS\EventBasedDemo01_MX\Core\Inc\stm32f1xx_hal_conf.h
2023-11-20 00:52:34,905 [INFO] CodeEngine:255 - oldGeneratedFile, D:\Mentorship\EventDrivenDemo_WS\EventBasedDemo01_MX\Core\Inc\main.h_save
2023-11-20 00:52:35,080 [INFO] CodeEngine:279 - Generated code: D:\Mentorship\EventDrivenDemo_WS\EventBasedDemo01_MX\Core\Inc\main.h
2023-11-20 00:52:35,092 [INFO] CodeEngine:255 - oldGeneratedFile, D:\Mentorship\EventDrivenDemo_WS\EventBasedDemo01_MX\Core\Src\main.c_save
2023-11-20 00:52:35,372 [INFO] CodeEngine:279 - Generated code: D:\Mentorship\EventDrivenDemo_WS\EventBasedDemo01_MX\Core\Src\main.c
2023-11-20 00:52:37,167 [INFO] ProjectBuilder:2996 - Time for Copy HAL[1] : 240mS.
2023-11-20 00:52:37,175 [INFO] ProjectBuilder:4304 - Project Generator version: 3.19.2
2023-11-20 00:52:38,112 [INFO] ConfigFileManager:1483 - The Die is : DIE410
2023-11-20 00:52:41,600 [INFO] ProjectBuilder:4505 - Time for Generating toolchain IDE Files: 4426mS.
2023-11-20 00:52:41,601 [INFO] ProjectBuilder:2867 - Time for Copy CMSIS : 0mS.
2023-11-20 00:52:41,607 [INFO] ProjectBuilder:2867 - Time for Copy CMSIS : 0mS.
2023-11-20 00:55:03,564 [INFO] Gpio:273 - dependency for GPIO [RCC]
2023-11-20 00:55:03,612 [INFO] NvicIntPanel:101 - NVIC parent = com.st.microxplorer.plugins.ip.nvic.MultiNvicIntPanel[,0,0,0x0,invalid,layout=javax.swing.BoxLayout,alignmentX=0.0,alignmentY=0.0,border=,flags=9,maximumSize=,minimumSize=,preferredSize=]
2023-11-20 00:55:08,045 [INFO] Gpio:273 - dependency for GPIO [RCC]
2023-11-20 00:55:20,624 [INFO] UtilMem:75 - End SaveConfig() Used Memory: 727998624 Bytes (1073741824)
2023-11-20 00:55:25,712 [INFO] UtilMem:75 - End SaveConfig() Used Memory: 850580080 Bytes (1073741824)
2023-11-20 00:55:25,988 [INFO] BlockDiagram:2759 - set Specific Code input for plugin: NVIC
2023-11-20 00:55:25,988 [INFO] BlockDiagram:2759 - set Specific Code input for plugin: GPIO
2023-11-20 00:55:25,988 [INFO] BlockDiagram:2759 - set Specific Code input for plugin: RCC
2023-11-20 00:55:25,988 [INFO] CodeGenerator:793 - code generatio: config db path: C:\ST\STM32CubeIDE_1.10.1\STM32CubeIDE\plugins\com.st.stm32cube.common.mx_6.8.1.202304191431\\db\
2023-11-20 00:55:26,154 [INFO] CodeEngine:255 - oldGeneratedFile, D:\Mentorship\EventDrivenDemo_WS\EventBasedDemo01_MX\MXTmpFiles\license.tmp_save
2023-11-20 00:55:26,217 [INFO] CodeEngine:279 - Generated code: D:\Mentorship\EventDrivenDemo_WS\EventBasedDemo01_MX\MXTmpFiles\license.tmp
2023-11-20 00:55:26,237 [INFO] CodeEngine:255 - oldGeneratedFile, D:\Mentorship\EventDrivenDemo_WS\EventBasedDemo01_MX\MXTmpFiles\gpio.tmp_save
2023-11-20 00:55:26,301 [INFO] CodeEngine:279 - Generated code: D:\Mentorship\EventDrivenDemo_WS\EventBasedDemo01_MX\MXTmpFiles\gpio.tmp
2023-11-20 00:55:26,310 [INFO] CodeEngine:255 - oldGeneratedFile, D:\Mentorship\EventDrivenDemo_WS\EventBasedDemo01_MX\Core\Src\stm32f1xx_it.c_save
2023-11-20 00:55:26,399 [INFO] CodeEngine:279 - Generated code: D:\Mentorship\EventDrivenDemo_WS\EventBasedDemo01_MX\Core\Src\stm32f1xx_it.c
2023-11-20 00:55:26,404 [INFO] CodeEngine:255 - oldGeneratedFile, D:\Mentorship\EventDrivenDemo_WS\EventBasedDemo01_MX\Core\Inc\stm32f1xx_it.h_save
2023-11-20 00:55:26,469 [INFO] CodeEngine:279 - Generated code: D:\Mentorship\EventDrivenDemo_WS\EventBasedDemo01_MX\Core\Inc\stm32f1xx_it.h
2023-11-20 00:55:26,483 [INFO] CodeEngine:255 - oldGeneratedFile, D:\Mentorship\EventDrivenDemo_WS\EventBasedDemo01_MX\Core\Src\stm32f1xx_hal_msp.c_save
2023-11-20 00:55:26,659 [INFO] CodeEngine:279 - Generated code: D:\Mentorship\EventDrivenDemo_WS\EventBasedDemo01_MX\Core\Src\stm32f1xx_hal_msp.c
2023-11-20 00:55:26,662 [INFO] CodeEngine:255 - oldGeneratedFile, D:\Mentorship\EventDrivenDemo_WS\EventBasedDemo01_MX\MXTmpFiles\system.tmp_save
2023-11-20 00:55:26,722 [INFO] CodeEngine:279 - Generated code: D:\Mentorship\EventDrivenDemo_WS\EventBasedDemo01_MX\MXTmpFiles\system.tmp
2023-11-20 00:55:26,730 [INFO] CodeEngine:311 - oldGeneratedFile, D:\Mentorship\EventDrivenDemo_WS\EventBasedDemo01_MX\Core\Inc\stm32f1xx_hal_conf.h_save
2023-11-20 00:55:26,792 [INFO] CodeEngine:335 - Generated code: D:\Mentorship\EventDrivenDemo_WS\EventBasedDemo01_MX\Core\Inc\stm32f1xx_hal_conf.h
2023-11-20 00:55:26,819 [INFO] CodeEngine:255 - oldGeneratedFile, D:\Mentorship\EventDrivenDemo_WS\EventBasedDemo01_MX\Core\Inc\main.h_save
2023-11-20 00:55:26,914 [INFO] CodeEngine:279 - Generated code: D:\Mentorship\EventDrivenDemo_WS\EventBasedDemo01_MX\Core\Inc\main.h
2023-11-20 00:55:26,917 [INFO] CodeEngine:255 - oldGeneratedFile, D:\Mentorship\EventDrivenDemo_WS\EventBasedDemo01_MX\Core\Src\main.c_save
2023-11-20 00:55:27,033 [INFO] CodeEngine:279 - Generated code: D:\Mentorship\EventDrivenDemo_WS\EventBasedDemo01_MX\Core\Src\main.c
2023-11-20 00:55:28,173 [INFO] ProjectBuilder:2996 - Time for Copy HAL[1] : 189mS.
2023-11-20 00:55:28,178 [INFO] ProjectBuilder:4304 - Project Generator version: 3.19.2
2023-11-20 00:55:29,261 [INFO] ConfigFileManager:1483 - The Die is : DIE410
2023-11-20 00:55:32,369 [INFO] ProjectBuilder:4505 - Time for Generating toolchain IDE Files: 4191mS.
2023-11-20 00:55:32,370 [INFO] ProjectBuilder:2867 - Time for Copy CMSIS : 0mS.
2023-11-20 00:55:32,377 [INFO] ProjectBuilder:2867 - Time for Copy CMSIS : 1mS.
2023-11-20 01:02:44,066 [INFO] Gpio:273 - dependency for GPIO [RCC]
2023-11-20 01:02:44,128 [INFO] NvicIntPanel:101 - NVIC parent = com.st.microxplorer.plugins.ip.nvic.MultiNvicIntPanel[,0,0,0x0,invalid,layout=javax.swing.BoxLayout,alignmentX=0.0,alignmentY=0.0,border=,flags=9,maximumSize=,minimumSize=,preferredSize=]
2023-11-20 01:02:52,892 [INFO] Gpio:273 - dependency for GPIO [RCC]
2023-11-20 01:02:52,931 [INFO] NvicIntPanel:101 - NVIC parent = com.st.microxplorer.plugins.ip.nvic.MultiNvicIntPanel[,0,0,0x0,invalid,layout=javax.swing.BoxLayout,alignmentX=0.0,alignmentY=0.0,border=,flags=9,maximumSize=,minimumSize=,preferredSize=]
2023-11-20 01:02:58,058 [INFO] Gpio:273 - dependency for GPIO [RCC]
2023-11-20 01:02:58,111 [INFO] NvicIntPanel:101 - NVIC parent = com.st.microxplorer.plugins.ip.nvic.MultiNvicIntPanel[,0,0,0x0,invalid,layout=javax.swing.BoxLayout,alignmentX=0.0,alignmentY=0.0,border=,flags=9,maximumSize=,minimumSize=,preferredSize=]
2023-11-20 01:03:07,932 [INFO] Gpio:273 - dependency for GPIO [RCC]
2023-11-20 01:03:14,254 [INFO] UtilMem:75 - End SaveConfig() Used Memory: 832234720 Bytes (1073741824)
2023-11-20 01:03:19,589 [INFO] UtilMem:75 - End SaveConfig() Used Memory: 918113488 Bytes (1073741824)
2023-11-20 01:03:20,146 [INFO] BlockDiagram:2759 - set Specific Code input for plugin: NVIC
2023-11-20 01:03:20,148 [INFO] BlockDiagram:2759 - set Specific Code input for plugin: GPIO
2023-11-20 01:03:20,148 [INFO] BlockDiagram:2759 - set Specific Code input for plugin: RCC
2023-11-20 01:03:20,151 [INFO] CodeGenerator:793 - code generatio: config db path: C:\ST\STM32CubeIDE_1.10.1\STM32CubeIDE\plugins\com.st.stm32cube.common.mx_6.8.1.202304191431\\db\
2023-11-20 01:03:20,630 [INFO] CodeEngine:255 - oldGeneratedFile, D:\Mentorship\EventDrivenDemo_WS\EventBasedDemo01_MX\MXTmpFiles\license.tmp_save
2023-11-20 01:03:20,860 [INFO] CodeEngine:279 - Generated code: D:\Mentorship\EventDrivenDemo_WS\EventBasedDemo01_MX\MXTmpFiles\license.tmp
2023-11-20 01:03:20,886 [INFO] CodeEngine:255 - oldGeneratedFile, D:\Mentorship\EventDrivenDemo_WS\EventBasedDemo01_MX\MXTmpFiles\gpio.tmp_save
2023-11-20 01:03:21,090 [INFO] CodeEngine:279 - Generated code: D:\Mentorship\EventDrivenDemo_WS\EventBasedDemo01_MX\MXTmpFiles\gpio.tmp
2023-11-20 01:03:21,106 [INFO] CodeEngine:255 - oldGeneratedFile, D:\Mentorship\EventDrivenDemo_WS\EventBasedDemo01_MX\Core\Src\stm32f1xx_it.c_save
2023-11-20 01:03:21,812 [INFO] CodeEngine:279 - Generated code: D:\Mentorship\EventDrivenDemo_WS\EventBasedDemo01_MX\Core\Src\stm32f1xx_it.c
2023-11-20 01:03:21,866 [INFO] CodeEngine:255 - oldGeneratedFile, D:\Mentorship\EventDrivenDemo_WS\EventBasedDemo01_MX\Core\Inc\stm32f1xx_it.h_save
2023-11-20 01:03:22,141 [INFO] CodeEngine:279 - Generated code: D:\Mentorship\EventDrivenDemo_WS\EventBasedDemo01_MX\Core\Inc\stm32f1xx_it.h
2023-11-20 01:03:22,171 [INFO] CodeEngine:255 - oldGeneratedFile, D:\Mentorship\EventDrivenDemo_WS\EventBasedDemo01_MX\Core\Src\stm32f1xx_hal_msp.c_save
2023-11-20 01:03:22,407 [INFO] CodeEngine:279 - Generated code: D:\Mentorship\EventDrivenDemo_WS\EventBasedDemo01_MX\Core\Src\stm32f1xx_hal_msp.c
2023-11-20 01:03:22,413 [INFO] CodeEngine:255 - oldGeneratedFile, D:\Mentorship\EventDrivenDemo_WS\EventBasedDemo01_MX\MXTmpFiles\system.tmp_save
2023-11-20 01:03:22,568 [INFO] CodeEngine:279 - Generated code: D:\Mentorship\EventDrivenDemo_WS\EventBasedDemo01_MX\MXTmpFiles\system.tmp
2023-11-20 01:03:22,585 [INFO] CodeEngine:311 - oldGeneratedFile, D:\Mentorship\EventDrivenDemo_WS\EventBasedDemo01_MX\Core\Inc\stm32f1xx_hal_conf.h_save
2023-11-20 01:03:22,726 [INFO] CodeEngine:335 - Generated code: D:\Mentorship\EventDrivenDemo_WS\EventBasedDemo01_MX\Core\Inc\stm32f1xx_hal_conf.h
2023-11-20 01:03:22,756 [INFO] CodeEngine:255 - oldGeneratedFile, D:\Mentorship\EventDrivenDemo_WS\EventBasedDemo01_MX\Core\Inc\main.h_save
2023-11-20 01:03:22,946 [INFO] CodeEngine:279 - Generated code: D:\Mentorship\EventDrivenDemo_WS\EventBasedDemo01_MX\Core\Inc\main.h
2023-11-20 01:03:22,954 [INFO] CodeEngine:255 - oldGeneratedFile, D:\Mentorship\EventDrivenDemo_WS\EventBasedDemo01_MX\Core\Src\main.c_save
2023-11-20 01:03:23,164 [INFO] CodeEngine:279 - Generated code: D:\Mentorship\EventDrivenDemo_WS\EventBasedDemo01_MX\Core\Src\main.c
2023-11-20 01:03:24,657 [INFO] ProjectBuilder:2996 - Time for Copy HAL[1] : 224mS.
2023-11-20 01:03:24,663 [INFO] ProjectBuilder:4304 - Project Generator version: 3.19.2
2023-11-20 01:03:25,677 [INFO] ConfigFileManager:1483 - The Die is : DIE410
2023-11-20 01:03:28,552 [INFO] ProjectBuilder:4505 - Time for Generating toolchain IDE Files: 3889mS.
2023-11-20 01:03:28,553 [INFO] ProjectBuilder:2867 - Time for Copy CMSIS : 1mS.
2023-11-20 01:03:28,557 [INFO] ProjectBuilder:2867 - Time for Copy CMSIS : 0mS.
2023-11-20 01:14:08,225 [INFO] WebAppUi:1035 - Web application message: Reloading CAD
2023-11-20 09:34:55,482 [INFO] WebAppUi:1035 - Web application message: Reloading CAD
2023-11-20 09:35:34,159 [INFO] WebAppUi:1035 - Web application message: Reloading CAD
2023-11-20 09:37:56,879 [INFO] WebAppUi:1035 - Web application message: Reloading CAD
2023-11-20 09:58:19,363 [INFO] WebAppUi:1035 - Web application message: Reloading CAD
2023-11-20 09:59:10,220 [INFO] WebAppUi:1035 - Web application message: Reloading CAD
2023-11-20 10:00:19,394 [INFO] WebAppUi:1035 - Web application message: Reloading CAD
2023-11-20 11:09:26,279 [INFO] WebAppUi:1035 - Web application message: Reloading CAD
2023-11-20 11:10:08,830 [INFO] WebAppUi:1035 - Web application message: Reloading CAD
2023-11-20 11:12:20,428 [INFO] WebAppUi:1035 - Web application message: Reloading CAD
2023-11-20 11:33:11,370 [INFO] WebAppUi:1035 - Web application message: Reloading CAD
2023-11-20 18:57:32,329 [INFO] WebAppUi:1035 - Web application message: Reloading CAD
2023-11-20 22:58:28,591 [INFO] WebAppUi:1035 - Web application message: Reloading CAD
