2023-11-19 00:45:25,287 [INFO] WebAppUi:1035 - Web application message: [UlApiManager component] Connecting to SSO
2023-11-19 00:45:25,294 [INFO] WebAppUi:1035 - Web application message: [UlApiManager component] Connecting to SSO
2023-11-19 00:45:25,295 [INFO] WebAppUi:1035 - Web application message: Reloading CAD
2023-11-19 00:45:25,380 [INFO] WebAppUi:1035 - Web application message: SSO unavailable because of TypeError: Failed to fetch
2023-11-19 00:45:25,380 [INFO] WebAppUi:1035 - Web application message: SSO unavailable because of TypeError: Failed to fetch
2023-11-19 00:45:25,382 [INFO] WebAppUi:1035 - Web application message: [UlApiManager component] Connected to Ultra Librarian API
2023-11-19 00:45:25,383 [INFO] WebAppUi:1035 - Web application message: [UlApiManager component] Connected to Ultra Librarian API
2023-11-19 00:45:25,749 [INFO] WebAppUi:1035 - Web application message: No network connection
2023-11-19 00:45:25,752 [INFO] WebAppUi:1035 - Web application message: Cannot get data because API not available
2023-11-19 03:04:11,350 [INFO] WebAppUi:1035 - Web application message: [UlApiManager component] Connecting to SSO
2023-11-19 03:04:11,352 [INFO] WebAppUi:1035 - Web application message: [UlApiManager component] Connecting to SSO
2023-11-19 03:04:11,358 [INFO] WebAppUi:1035 - Web application message: Reloading CAD
2023-11-19 03:04:15,028 [INFO] WebAppUi:1035 - Web application message: SSO unavailable because of TypeError: Failed to fetch
2023-11-19 03:04:15,031 [INFO] WebAppUi:1035 - Web application message: SSO unavailable because of TypeError: Failed to fetch
2023-11-19 03:04:15,031 [INFO] WebAppUi:1035 - Web application message: [UlApiManager component] Connected to Ultra Librarian API
2023-11-19 03:04:15,032 [INFO] WebAppUi:1035 - Web application message: [UlApiManager component] Connected to Ultra Librarian API
2023-11-19 03:04:15,207 [INFO] WebAppUi:1035 - Web application message: No network connection
2023-11-19 03:04:15,208 [INFO] WebAppUi:1035 - Web application message: Cannot get data because API not available
2023-11-19 11:14:31,416 [INFO] WebAppUi:1035 - Web application message: [UlApiManager component] Connecting to SSO
2023-11-19 11:14:31,427 [INFO] WebAppUi:1035 - Web application message: [UlApiManager component] Connecting to SSO
2023-11-19 11:14:31,429 [INFO] WebAppUi:1035 - Web application message: Reloading CAD
2023-11-19 11:14:31,430 [INFO] WebAppUi:1035 - Web application message: SSO unavailable because of TypeError: Failed to fetch
2023-11-19 11:14:31,433 [INFO] WebAppUi:1035 - Web application message: SSO unavailable because of TypeError: Failed to fetch
2023-11-19 11:14:31,434 [INFO] WebAppUi:1035 - Web application message: [UlApiManager component] Connected to Ultra Librarian API
2023-11-19 11:14:31,436 [INFO] WebAppUi:1035 - Web application message: [UlApiManager component] Connected to Ultra Librarian API
2023-11-19 11:14:31,449 [INFO] WebAppUi:1035 - Web application message: No network connection
2023-11-19 11:14:31,450 [INFO] WebAppUi:1035 - Web application message: Cannot get data because API not available
2023-11-19 12:30:53,928 [INFO] WebAppUi:1035 - Web application message: [UlApiManager component] Connecting to SSO
2023-11-19 12:30:53,930 [INFO] WebAppUi:1035 - Web application message: [UlApiManager component] Connecting to SSO
2023-11-19 12:30:53,933 [INFO] WebAppUi:1035 - Web application message: Reloading CAD
2023-11-19 12:30:54,348 [INFO] WebAppUi:1035 - Web application message: SSO unavailable because of TypeError: Failed to fetch
2023-11-19 12:30:54,349 [INFO] WebAppUi:1035 - Web application message: SSO unavailable because of TypeError: Failed to fetch
2023-11-19 12:30:54,351 [INFO] WebAppUi:1035 - Web application message: [UlApiManager component] Connected to Ultra Librarian API
2023-11-19 12:30:54,351 [INFO] WebAppUi:1035 - Web application message: [UlApiManager component] Connected to Ultra Librarian API
2023-11-19 12:30:56,890 [INFO] WebAppUi:1035 - Web application message: No network connection
2023-11-19 12:30:56,890 [INFO] WebAppUi:1035 - Web application message: Cannot get data because API not available
2023-11-19 12:33:06,837 [INFO] WebAppUi:1035 - Web application message: [UlApiManager component] Connecting to SSO
2023-11-19 12:33:06,841 [INFO] WebAppUi:1035 - Web application message: Reloading CAD
2023-11-19 12:33:06,842 [INFO] WebAppUi:1035 - Web application message: [UlApiManager component] Connecting to SSO
2023-11-19 12:33:18,907 [INFO] WebAppUi:1035 - Web application message: SSO unavailable because of TypeError: Failed to fetch
2023-11-19 12:33:18,910 [INFO] WebAppUi:1035 - Web application message: SSO unavailable because of TypeError: Failed to fetch
2023-11-19 12:33:18,913 [INFO] WebAppUi:1035 - Web application message: [UlApiManager component] Connected to Ultra Librarian API
2023-11-19 12:33:18,916 [INFO] WebAppUi:1035 - Web application message: [UlApiManager component] Connected to Ultra Librarian API
2023-11-19 12:33:30,977 [INFO] WebAppUi:1035 - Web application message: No network connection
2023-11-19 12:33:30,979 [INFO] WebAppUi:1035 - Web application message: Cannot get data because API not available
2023-11-19 13:19:40,391 [INFO] WebAppUi:1035 - Web application message: [UlApiManager component] Connecting to SSO
2023-11-19 13:19:40,393 [INFO] WebAppUi:1035 - Web application message: [UlApiManager component] Connecting to SSO
2023-11-19 13:19:40,398 [INFO] WebAppUi:1035 - Web application message: Reloading CAD
2023-11-19 13:19:40,908 [INFO] WebAppUi:1035 - Web application message: SSO unavailable because of TypeError: Failed to fetch
2023-11-19 13:19:40,910 [INFO] WebAppUi:1035 - Web application message: SSO unavailable because of TypeError: Failed to fetch
2023-11-19 13:19:40,911 [INFO] WebAppUi:1035 - Web application message: [UlApiManager component] Connected to Ultra Librarian API
2023-11-19 13:19:40,911 [INFO] WebAppUi:1035 - Web application message: [UlApiManager component] Connected to Ultra Librarian API
2023-11-19 13:19:42,421 [INFO] WebAppUi:1035 - Web application message: No network connection
2023-11-19 13:19:42,421 [INFO] WebAppUi:1035 - Web application message: Cannot get data because API not available
2023-11-19 16:15:55,897 [INFO] WebAppUi:1035 - Web application message: [UlApiManager component] Connecting to SSO
2023-11-19 16:15:55,898 [INFO] WebAppUi:1035 - Web application message: [UlApiManager component] Connecting to SSO
2023-11-19 16:15:55,900 [INFO] WebAppUi:1035 - Web application message: Reloading CAD
2023-11-19 16:15:55,900 [INFO] WebAppUi:1035 - Web application message: SSO unavailable because of TypeError: Failed to fetch
2023-11-19 16:15:55,901 [INFO] WebAppUi:1035 - Web application message: [UlApiManager component] Connected to Ultra Librarian API
2023-11-19 16:15:55,903 [INFO] WebAppUi:1035 - Web application message: SSO unavailable because of TypeError: Failed to fetch
2023-11-19 16:15:55,905 [INFO] WebAppUi:1035 - Web application message: [UlApiManager component] Connected to Ultra Librarian API
2023-11-19 16:15:55,906 [INFO] WebAppUi:1035 - Web application message: No network connection
2023-11-19 16:15:55,906 [INFO] WebAppUi:1035 - Web application message: Cannot get data because API not available
2023-11-19 17:05:20,172 [INFO] WebAppUi:1035 - Web application message: [UlApiManager component] Connecting to SSO
2023-11-19 17:05:20,174 [INFO] WebAppUi:1035 - Web application message: [UlApiManager component] Connecting to SSO
2023-11-19 17:05:20,180 [INFO] WebAppUi:1035 - Web application message: Reloading CAD
2023-11-19 17:05:20,345 [INFO] WebAppUi:1035 - Web application message: SSO unavailable because of TypeError: Failed to fetch
2023-11-19 17:05:20,347 [INFO] WebAppUi:1035 - Web application message: [UlApiManager component] Connected to Ultra Librarian API
2023-11-19 17:05:20,348 [INFO] WebAppUi:1035 - Web application message: SSO unavailable because of TypeError: Failed to fetch
2023-11-19 17:05:20,350 [INFO] WebAppUi:1035 - Web application message: [UlApiManager component] Connected to Ultra Librarian API
2023-11-19 17:05:32,424 [INFO] WebAppUi:1035 - Web application message: No network connection
2023-11-19 17:05:32,426 [INFO] WebAppUi:1035 - Web application message: Cannot get data because API not available
2023-11-19 19:47:43,893 [ERROR] ServerAccessManage:1146 - Warning during Server Connection :  Unknown host sw-center.st.com
2023-11-19 19:47:43,896 [INFO] MainUpdater:2854 - connection check result : 22
2023-11-19 19:47:43,908 [ERROR] ServerAccessManage:1146 - Warning during Server Connection :  Unknown host sw-center.st.com
2023-11-19 19:47:43,909 [INFO] MainUpdater:2854 - connection check result : 22
2023-11-19 19:47:57,595 [INFO] MicroXplorer:468 - Change Database Path : 
2023-11-19 19:47:57,595 [INFO] MicroXplorer:498 - Change Database Version : DB.6.0.81
2023-11-19 19:47:57,659 [WARN] ThirdParty:871 - waiting for thirdparty lock release [close project]
2023-11-19 19:47:57,660 [INFO] ThirdParty:873 - entering critical section [close project]
2023-11-19 19:47:57,660 [INFO] ThirdParty:883 - exiting critical section [close project]
2023-11-19 19:47:57,662 [INFO] PinOutPanel:1499 - setPackage(No Configuration,No Configuration)
2023-11-19 19:47:57,676 [INFO] UtilMem:75 - Begin LoadConfig() Used Memory: 679386280 Bytes (1073741824)
2023-11-19 19:47:57,677 [INFO] MicroXplorer:468 - Change Database Path : 
2023-11-19 19:47:57,677 [INFO] MicroXplorer:498 - Change Database Version : DB.6.0.81
2023-11-19 19:47:57,677 [INFO] OpenFileManager:308 - Change cursor
2023-11-19 19:47:57,700 [INFO] RulesReader:64 - Compatibility file has been processed (293 Rules)
2023-11-19 19:47:57,705 [INFO] Mcu:1937 - Initializing MCU STM32F103C(8-B)Tx STM32F103C8Tx STM32F103C8T6
2023-11-19 19:47:58,384 [INFO] Context:659 - Trying to add GPIOservice into a context  which must be forbidden
2023-11-19 19:47:58,984 [INFO] RtosManager:555 - Registered RTOS mode: class=CMSIS, group=RTOS, mode=CMSIS_V1, owner=FREERTOS
2023-11-19 19:47:58,985 [INFO] RtosManager:555 - Registered RTOS mode: class=CMSIS, group=RTOS2, mode=CMSIS_V2, owner=FREERTOS
2023-11-19 19:47:58,985 [INFO] RtosManager:555 - Registered RTOS mode: class=RTOS, group=Core, mode=CMSIS_V1, owner=FREERTOS
2023-11-19 19:47:58,985 [INFO] RtosManager:555 - Registered RTOS mode: class=RTOS, group=Core, mode=CMSIS_V2, owner=FREERTOS
2023-11-19 19:47:58,985 [WARN] ModelIntegratedComponent:184 - Missing modes for component STMicroelectronics:FreeRTOS:0.0.1:STMicroelectronics:RTOS:FreeRTOS:Core:::10.2.0:
2023-11-19 19:47:58,989 [WARN] ModelIntegratedComponent:63 - No mode defined for component null
2023-11-19 19:47:58,989 [WARN] ModelIntegratedComponent:63 - No mode defined for component null
2023-11-19 19:47:58,989 [WARN] ModelIntegratedComponent:63 - No mode defined for component null
2023-11-19 19:47:58,989 [WARN] ModelIntegratedComponent:63 - No mode defined for component null
2023-11-19 19:47:58,989 [WARN] ModelIntegratedComponent:63 - No mode defined for component null
2023-11-19 19:47:58,989 [WARN] ModelIntegratedComponent:63 - No mode defined for component null
2023-11-19 19:47:58,990 [WARN] ModelIntegratedComponent:63 - No mode defined for component null
2023-11-19 19:47:58,990 [WARN] ModelIntegratedComponent:63 - No mode defined for component null
2023-11-19 19:47:58,990 [WARN] ModelIntegratedComponent:63 - No mode defined for component null
2023-11-19 19:47:58,990 [WARN] ModelIntegratedComponent:63 - No mode defined for component null
2023-11-19 19:47:58,990 [WARN] ModelIntegratedComponent:63 - No mode defined for component null
2023-11-19 19:47:58,990 [WARN] ModelIntegratedComponent:63 - No mode defined for component null
2023-11-19 19:47:58,990 [WARN] ModelIntegratedComponent:63 - No mode defined for component null
2023-11-19 19:47:58,990 [WARN] ModelIntegratedComponent:63 - No mode defined for component null
2023-11-19 19:47:58,990 [WARN] ModelIntegratedComponent:63 - No mode defined for component null
2023-11-19 19:47:58,990 [WARN] ModelIntegratedComponent:63 - No mode defined for component null
2023-11-19 19:47:58,990 [WARN] ModelIntegratedComponent:63 - No mode defined for component null
2023-11-19 19:47:58,991 [WARN] ModelIntegratedComponent:63 - No mode defined for component null
2023-11-19 19:47:58,991 [WARN] ModelIntegratedComponent:63 - No mode defined for component null
2023-11-19 19:47:58,991 [WARN] ModelIntegratedComponent:63 - No mode defined for component null
2023-11-19 19:47:58,991 [WARN] ModelIntegratedComponent:63 - No mode defined for component null
2023-11-19 19:47:58,991 [WARN] ModelIntegratedComponent:63 - No mode defined for component null
2023-11-19 19:47:58,991 [WARN] ModelIntegratedComponent:63 - No mode defined for component null
2023-11-19 19:47:58,991 [WARN] ModelIntegratedComponent:63 - No mode defined for component null
2023-11-19 19:47:58,991 [WARN] ModelIntegratedComponent:63 - No mode defined for component null
2023-11-19 19:47:58,991 [WARN] ModelIntegratedComponent:63 - No mode defined for component null
2023-11-19 19:47:58,991 [WARN] ModelIntegratedComponent:63 - No mode defined for component null
2023-11-19 19:47:58,991 [WARN] ModelIntegratedComponent:63 - No mode defined for component null
2023-11-19 19:47:58,991 [WARN] ModelIntegratedComponent:63 - No mode defined for component null
2023-11-19 19:47:58,992 [WARN] ModelIntegratedComponent:63 - No mode defined for component null
2023-11-19 19:47:58,992 [WARN] ModelIntegratedComponent:63 - No mode defined for component null
2023-11-19 19:47:58,992 [WARN] ModelIntegratedComponent:63 - No mode defined for component null
2023-11-19 19:47:58,992 [WARN] ModelIntegratedComponent:63 - No mode defined for component null
2023-11-19 19:47:59,464 [INFO] ThirdPartyModel:298 - Start build external matchings
2023-11-19 19:48:02,196 [INFO] ThirdPartyModel:316 - End build external matchings
2023-11-19 19:48:02,236 [INFO] ImportTextPane:194 - (OptionalMessage_ERROR) IP (RCC) : Invalid parameter (FamilyName)
2023-11-19 19:48:02,237 [INFO] ImportTextPane:194 - (OptionalMessage_ERROR) IP (RCC) : Parameter (USBFreq_Value) has invalid value (8000000)
2023-11-19 19:48:02,515 [INFO] UtilMem:75 - End LoadConfig() Used Memory: 621937632 Bytes (1073741824)
2023-11-19 19:48:02,575 [WARN] ThirdParty:833 - waiting for thirdparty lock release [change project]
2023-11-19 19:48:02,575 [INFO] ThirdParty:835 - entering critical section [change project]
2023-11-19 19:48:02,575 [INFO] ThirdParty:1030 - CMSIS Pack Vendor :STMicroelectronics X-CUBE-GNSS1 6.0.0
2023-11-19 19:48:02,576 [INFO] ThirdParty:1030 - CMSIS Pack Vendor :STMicroelectronics USB_HOST 2.0.0
2023-11-19 19:48:02,576 [INFO] ThirdParty:1030 - CMSIS Pack Vendor :STMicroelectronics X-CUBE-AZRTOS-F4 1.1.0
2023-11-19 19:48:02,576 [INFO] ThirdParty:1030 - CMSIS Pack Vendor :STMicroelectronics LIBJPEG 8.0.0
2023-11-19 19:48:02,576 [INFO] ThirdParty:1030 - CMSIS Pack Vendor :STMicroelectronics X-CUBE-SMBUS 2.1.0
2023-11-19 19:48:02,576 [INFO] ThirdParty:1030 - CMSIS Pack Vendor :STMicroelectronics X-CUBE-BLEMGR 1.2.0
2023-11-19 19:48:02,576 [INFO] ThirdParty:1030 - CMSIS Pack Vendor :STMicroelectronics X-CUBE-AZRTOS-F7 1.1.0
2023-11-19 19:48:02,576 [INFO] ThirdParty:1030 - CMSIS Pack Vendor :STMicroelectronics X-CUBE-AZRTOS-L5 2.0.0
2023-11-19 19:48:02,576 [INFO] ThirdParty:1030 - CMSIS Pack Vendor :STMicroelectronics USB_DEVICE 2.0.0
2023-11-19 19:48:02,576 [INFO] ThirdParty:1030 - CMSIS Pack Vendor :STMicroelectronics X-CUBE-MEMS1 9.6.0
2023-11-19 19:48:02,576 [INFO] ThirdParty:1030 - CMSIS Pack Vendor :STMicroelectronics X-CUBE-EEPRMA1 4.2.0
2023-11-19 19:48:02,576 [INFO] ThirdParty:1030 - CMSIS Pack Vendor :ITTIA_DB I-CUBE-ITTIADB 8.8.0
2023-11-19 19:48:02,576 [INFO] ThirdParty:1030 - CMSIS Pack Vendor :STMicroelectronics FP-SNS-MOTENV1 4.3.2
2023-11-19 19:48:02,576 [INFO] ThirdParty:1030 - CMSIS Pack Vendor :STMicroelectronics FP-SNS-MOTENV1 4.3.1
2023-11-19 19:48:02,576 [INFO] ThirdParty:1030 - CMSIS Pack Vendor :STMicroelectronics FP-SNS-FLIGHT1 5.0.1
2023-11-19 19:48:02,576 [INFO] ThirdParty:1030 - CMSIS Pack Vendor :STMicroelectronics X-CUBE-BLE1 6.2.3
2023-11-19 19:48:02,576 [INFO] ThirdParty:1030 - CMSIS Pack Vendor :STMicroelectronics X-CUBE-BLE1 6.2.4
2023-11-19 19:48:02,576 [INFO] ThirdParty:1030 - CMSIS Pack Vendor :STMicroelectronics FreeRTOS 0.0.1
2023-11-19 19:48:02,577 [INFO] ThirdParty:1030 - CMSIS Pack Vendor :emotas I-CUBE-CANOPEN 1.1.3
2023-11-19 19:48:02,577 [INFO] ThirdParty:1030 - CMSIS Pack Vendor :STMicroelectronics X-CUBE-BLEMGR 2.0.0
2023-11-19 19:48:02,577 [INFO] ThirdParty:1030 - CMSIS Pack Vendor :STMicroelectronics FP-SNS-FLIGHT1 5.0.2
2023-11-19 19:48:02,577 [INFO] ThirdParty:1030 - CMSIS Pack Vendor :STMicroelectronics X-CUBE-NFC4 2.0.5
2023-11-19 19:48:02,577 [INFO] ThirdParty:1030 - CMSIS Pack Vendor :STMicroelectronics X-CUBE-AZRTOS-H7 3.1.0
2023-11-19 19:48:02,577 [INFO] ThirdParty:1030 - CMSIS Pack Vendor :STMicroelectronics PDM2PCM 3.3.0
2023-11-19 19:48:02,577 [INFO] ThirdParty:1030 - CMSIS Pack Vendor :STMicroelectronics X-CUBE-DISPLAY 3.0.0
2023-11-19 19:48:02,577 [INFO] ThirdParty:1030 - CMSIS Pack Vendor :wolfSSL I-CUBE-wolfSSL 5.5.3
2023-11-19 19:48:02,577 [INFO] ThirdParty:1030 - CMSIS Pack Vendor :STMicroelectronics X-CUBE-BLE1 7.0.0
2023-11-19 19:48:02,577 [INFO] ThirdParty:1030 - CMSIS Pack Vendor :STMicroelectronics HAL Drivers 0.0.0
2023-11-19 19:48:02,577 [INFO] ThirdParty:1030 - CMSIS Pack Vendor :STMicroelectronics X-CUBE-TOUCHGFX 4.22.0
2023-11-19 19:48:02,577 [INFO] ThirdParty:1030 - CMSIS Pack Vendor :STMicroelectronics X-CUBE-NFC7 1.0.1
2023-11-19 19:48:02,577 [INFO] ThirdParty:1030 - CMSIS Pack Vendor :STMicroelectronics MBEDTLS 2.14.1
2023-11-19 19:48:02,578 [INFO] ThirdParty:1030 - CMSIS Pack Vendor :STMicroelectronics X-CUBE-NFC7 1.0.0
2023-11-19 19:48:02,578 [INFO] ThirdParty:1030 - CMSIS Pack Vendor :STMicroelectronics X-CUBE-TOUCHGFX 4.22.1
2023-11-19 19:48:02,578 [INFO] ThirdParty:1030 - CMSIS Pack Vendor :STMicroelectronics X-CUBE-NFC6 3.0.0
2023-11-19 19:48:02,578 [INFO] ThirdParty:1030 - CMSIS Pack Vendor :STMicroelectronics X-CUBE-MEMS1 9.3.0
2023-11-19 19:48:02,578 [INFO] ThirdParty:1030 - CMSIS Pack Vendor :STMicroelectronics X-CUBE-EEPRMA1 4.1.0
2023-11-19 19:48:02,578 [INFO] ThirdParty:1030 - CMSIS Pack Vendor :STMicroelectronics FP-SNS-SMARTAG2 1.2.0
2023-11-19 19:48:02,578 [INFO] ThirdParty:1030 - CMSIS Pack Vendor :STMicroelectronics X-CUBE-AZRTOS-WL 2.0.0
2023-11-19 19:48:02,578 [INFO] ThirdParty:1030 - CMSIS Pack Vendor :STMicroelectronics USB_DEVICE 1.0.0
2023-11-19 19:48:02,579 [INFO] ThirdParty:1030 - CMSIS Pack Vendor :STMicroelectronics X-CUBE-AI 8.1.0
2023-11-19 19:48:02,579 [INFO] ThirdParty:1030 - CMSIS Pack Vendor :STMicroelectronics X-CUBE-AZRTOS-L4 2.0.0
2023-11-19 19:48:02,579 [INFO] ThirdParty:1030 - CMSIS Pack Vendor :STMicroelectronics ThreadX 0.0.2
2023-11-19 19:48:02,579 [INFO] ThirdParty:1030 - CMSIS Pack Vendor :WES I-CUBE-Cesium 1.3.0
2023-11-19 19:48:02,580 [INFO] ThirdParty:1030 - CMSIS Pack Vendor :STMicroelectronics lwIP 2.1.2
2023-11-19 19:48:02,580 [INFO] ThirdParty:1030 - CMSIS Pack Vendor :STMicroelectronics X-CUBE-SFXS2LP1 4.0.0
2023-11-19 19:48:02,580 [INFO] ThirdParty:1030 - CMSIS Pack Vendor :STMicroelectronics X-CUBE-BLE2 3.3.0
2023-11-19 19:48:02,580 [INFO] ThirdParty:1030 - CMSIS Pack Vendor :STMicroelectronics X-CUBE-DISPLAY 2.2.0
2023-11-19 19:48:02,580 [INFO] ThirdParty:1030 - CMSIS Pack Vendor :STMicroelectronics X-CUBE-TOF1 3.2.0
2023-11-19 19:48:02,580 [INFO] ThirdParty:1030 - CMSIS Pack Vendor :STMicroelectronics PDM2PCM 3.2.0
2023-11-19 19:48:02,580 [INFO] ThirdParty:1030 - CMSIS Pack Vendor :STMicroelectronics X-CUBE-AZRTOS-H7 3.0.0
2023-11-19 19:48:02,580 [INFO] ThirdParty:1030 - CMSIS Pack Vendor :STMicroelectronics X-CUBE-ISPU 1.1.0
2023-11-19 19:48:02,580 [INFO] ThirdParty:1030 - CMSIS Pack Vendor :RoweBots I-CUBE-UNISONRTOS 5.5.0-4
2023-11-19 19:48:02,580 [INFO] ThirdParty:1030 - CMSIS Pack Vendor :STMicroelectronics X-CUBE-AZRTOS-H7 2.1.0
2023-11-19 19:48:02,580 [INFO] ThirdParty:1030 - CMSIS Pack Vendor :STMicroelectronics USB_DEVICE 3.0.0
2023-11-19 19:48:02,580 [INFO] ThirdParty:1030 - CMSIS Pack Vendor :STMicroelectronics X-CUBE-AI 8.0.0
2023-11-19 19:48:02,580 [INFO] ThirdParty:1030 - CMSIS Pack Vendor :STMicroelectronics X-CUBE-AZRTOS-WB 2.0.0
2023-11-19 19:48:02,580 [INFO] ThirdParty:1030 - CMSIS Pack Vendor :STMicroelectronics X-CUBE-FREERTOS 1.0.0
2023-11-19 19:48:02,580 [INFO] ThirdParty:1030 - CMSIS Pack Vendor :STMicroelectronics X-CUBE-FREERTOS 1.0.1
2023-11-19 19:48:02,580 [INFO] ThirdParty:1030 - CMSIS Pack Vendor :STMicroelectronics X-CUBE-TOUCHGFX 4.21.1
2023-11-19 19:48:02,581 [INFO] ThirdParty:1030 - CMSIS Pack Vendor :STMicroelectronics X-CUBE-TOUCHGFX 4.21.4
2023-11-19 19:48:02,581 [INFO] ThirdParty:1030 - CMSIS Pack Vendor :STMicroelectronics X-CUBE-MEMS1 9.4.0
2023-11-19 19:48:02,581 [INFO] ThirdParty:1030 - CMSIS Pack Vendor :STMicroelectronics X-CUBE-AI 7.3.0
2023-11-19 19:48:02,581 [INFO] ThirdParty:1030 - CMSIS Pack Vendor :STMicroelectronics X-CUBE-ALGOBUILD 1.3.0
2023-11-19 19:48:02,581 [INFO] ThirdParty:1030 - CMSIS Pack Vendor :STMicroelectronics X-CUBE-AZRTOS-L5 1.1.0
2023-11-19 19:48:02,581 [INFO] ThirdParty:1030 - CMSIS Pack Vendor :STMicroelectronics X-CUBE-AZRTOS-G0 1.1.0
2023-11-19 19:48:02,581 [INFO] ThirdParty:1030 - CMSIS Pack Vendor :STMicroelectronics X-CUBE-AI 8.0.1
2023-11-19 19:48:02,581 [INFO] ThirdParty:1030 - CMSIS Pack Vendor :STMicroelectronics X-CUBE-NFC4 3.0.0
2023-11-19 19:48:02,581 [INFO] ThirdParty:1030 - CMSIS Pack Vendor :STMicroelectronics X-CUBE-SUBG2 5.0.0
2023-11-19 19:48:02,581 [INFO] ThirdParty:1030 - CMSIS Pack Vendor :STMicroelectronics STM32_WPAN 1.0.0
2023-11-19 19:48:02,581 [INFO] ThirdParty:1030 - CMSIS Pack Vendor :SEGGER I-CUBE-embOS 1.2.1
2023-11-19 19:48:02,581 [INFO] ThirdParty:1030 - CMSIS Pack Vendor :STMicroelectronics lwIP 2.0.3
2023-11-19 19:48:02,581 [INFO] ThirdParty:1030 - CMSIS Pack Vendor :STMicroelectronics USB_HOST 1.0.0
2023-11-19 19:48:02,581 [INFO] ThirdParty:1030 - CMSIS Pack Vendor :STMicroelectronics X-CUBE-TOF1 3.3.1
2023-11-19 19:48:02,582 [INFO] ThirdParty:1030 - CMSIS Pack Vendor :STMicroelectronics X-CUBE-AZRTOS-G4 2.0.0
2023-11-19 19:48:02,582 [INFO] ThirdParty:1030 - CMSIS Pack Vendor :STMicroelectronics PDM2PCM 3.1.0
2023-11-19 19:48:02,582 [INFO] ThirdParty:1030 - CMSIS Pack Vendor :STMicroelectronics X-CUBE-TOF1 3.3.0
2023-11-19 19:48:02,582 [INFO] ThirdParty:1030 - CMSIS Pack Vendor :STMicroelectronics FP-ATR-ASTRA1 1.1.1
2023-11-19 19:48:02,582 [INFO] ThirdParty:1030 - CMSIS Pack Vendor :Infineon AIROC-Wi-Fi-Bluetooth-STM32 1.5.1
2023-11-19 19:48:02,582 [INFO] ThirdParty:1030 - CMSIS Pack Vendor :STMicroelectronics X-CUBE-BLEMGR 3.0.0
2023-11-19 19:48:02,582 [INFO] ThirdParty:1030 - CMSIS Pack Vendor :STMicroelectronics X-CUBE-BLEMGR 1.3.0
2023-11-19 19:48:02,582 [INFO] ThirdParty:1030 - CMSIS Pack Vendor :STMicroelectronics FP-SNS-MOTENVWB1 1.3.0
2023-11-19 19:48:02,583 [INFO] ThirdParty:1030 - CMSIS Pack Vendor :STMicroelectronics FP-ATR-SIGFOX1 3.2.0
2023-11-19 19:48:02,583 [INFO] ThirdParty:1030 - CMSIS Pack Vendor :STMicroelectronics X-CUBE-AZRTOS-G4 1.0.0
2023-11-19 19:48:02,583 [INFO] ThirdParty:1030 - CMSIS Pack Vendor :STMicroelectronics X-CUBE-AZRTOS-L4 1.0.0
2023-11-19 19:48:02,583 [INFO] ThirdParty:1030 - CMSIS Pack Vendor :STMicroelectronics MBEDTLS 2.16.2
2023-11-19 19:48:02,583 [INFO] ThirdParty:1030 - CMSIS Pack Vendor :STMicroelectronics X-CUBE-TOUCHGFX 4.20.0
2023-11-19 19:48:02,583 [INFO] ThirdParty:1030 - CMSIS Pack Vendor :STMicroelectronics X-CUBE-MEMS1 10.0.0
2023-11-19 19:48:02,583 [INFO] ThirdParty:1030 - CMSIS Pack Vendor :STMicroelectronics X-CUBE-FREERTOS 1.1.0
2023-11-19 19:48:02,583 [INFO] ThirdParty:1030 - CMSIS Pack Vendor :STMicroelectronics X-CUBE-AZRTOS-WL 1.0.0
2023-11-19 19:48:02,583 [INFO] ThirdParty:1030 - CMSIS Pack Vendor :portGmbH I-Cube-SoM-uGOAL 1.1.0
2023-11-19 19:48:02,583 [INFO] ThirdParty:1030 - CMSIS Pack Vendor :STMicroelectronics X-CUBE-ALS 1.0.1
2023-11-19 19:48:02,583 [INFO] ThirdParty:1030 - CMSIS Pack Vendor :STMicroelectronics X-CUBE-MEMS1 9.5.0
2023-11-19 19:48:02,583 [INFO] ThirdParty:1030 - CMSIS Pack Vendor :STMicroelectronics ThreadX 1.0.0
2023-11-19 19:48:02,584 [INFO] ThirdParty:1030 - CMSIS Pack Vendor :STMicroelectronics X-CUBE-AZRTOS-WB 1.1.0
2023-11-19 19:48:02,584 [INFO] ThirdParty:1030 - CMSIS Pack Vendor :SEGGER I-CUBE-embOS 1.3.1
2023-11-19 19:48:02,584 [INFO] ThirdParty:1030 - CMSIS Pack Vendor :STMicroelectronics X-CUBE-AZRTOS-L5 1.0.0
2023-11-19 19:48:02,584 [INFO] ThirdParty:1030 - CMSIS Pack Vendor :STMicroelectronics X-CUBE-EEPRMA1 3.1.1
2023-11-19 19:48:02,584 [INFO] ThirdParty:1030 - CMSIS Pack Vendor :STMicroelectronics FP-ATR-ASTRA1 2.0.0
2023-11-19 19:48:02,584 [INFO] ThirdParty:841 - exiting critical section [change project]
2023-11-19 19:48:02,689 [INFO] PinOutPanel:1499 - setPackage(No Configuration,No Configuration)
2023-11-19 19:48:02,690 [INFO] PinOutPanel:1499 - setPackage(STM32F103C8Tx,LQFP48)
2023-11-19 19:48:02,901 [INFO] UtilMem:75 - Before build in PCC Used Memory: 616483336 Bytes (1073741824)
2023-11-19 19:48:03,181 [INFO] UtilMem:75 - After build in PCC Used Memory: 658426376 Bytes (1073741824)
2023-11-19 19:48:03,198 [INFO] IPUIPlugin:80 - create IPUIPlugin
2023-11-19 19:48:03,198 [INFO] IPUIPlugin:80 - create IPUIPlugin
2023-11-19 19:48:03,199 [INFO] IPUIPlugin:80 - create IPUIPlugin
2023-11-19 19:48:03,199 [INFO] IPUIPlugin:80 - create IPUIPlugin
2023-11-19 19:48:03,199 [INFO] IPUIPlugin:80 - create IPUIPlugin
2023-11-19 19:48:03,199 [INFO] IPUIPlugin:80 - create IPUIPlugin
2023-11-19 19:48:03,199 [INFO] IPUIPlugin:80 - create IPUIPlugin
2023-11-19 19:48:03,200 [INFO] IPUIPlugin:80 - create IPUIPlugin
2023-11-19 19:48:03,200 [INFO] IPUIPlugin:80 - create IPUIPlugin
2023-11-19 19:48:03,200 [INFO] IPUIPlugin:80 - create IPUIPlugin
2023-11-19 19:48:03,200 [INFO] IPUIPlugin:80 - create IPUIPlugin
2023-11-19 19:48:03,200 [INFO] IPUIPlugin:80 - create IPUIPlugin
2023-11-19 19:48:03,200 [INFO] IPUIPlugin:80 - create IPUIPlugin
2023-11-19 19:48:03,201 [INFO] IPUIPlugin:80 - create IPUIPlugin
2023-11-19 19:48:03,201 [INFO] IPUIPlugin:80 - create IPUIPlugin
2023-11-19 19:48:03,201 [INFO] IPUIPlugin:80 - create IPUIPlugin
2023-11-19 19:48:03,201 [INFO] IPUIPlugin:80 - create IPUIPlugin
2023-11-19 19:48:03,202 [INFO] IPUIPlugin:80 - create IPUIPlugin
2023-11-19 19:48:03,202 [INFO] IPUIPlugin:80 - create IPUIPlugin
2023-11-19 19:48:03,202 [INFO] IPUIPlugin:80 - create IPUIPlugin
2023-11-19 19:48:03,202 [INFO] IPUIPlugin:80 - create IPUIPlugin
2023-11-19 19:48:03,203 [INFO] IPUIPlugin:80 - create IPUIPlugin
2023-11-19 19:48:03,203 [INFO] IPUIPlugin:80 - create IPUIPlugin
2023-11-19 19:48:03,203 [INFO] IPUIPlugin:80 - create IPUIPlugin
2023-11-19 19:48:03,204 [INFO] IPUIPlugin:80 - create IPUIPlugin
2023-11-19 19:48:03,204 [INFO] IPUIPlugin:80 - create IPUIPlugin
2023-11-19 19:48:03,204 [INFO] IPUIPlugin:80 - create IPUIPlugin
2023-11-19 19:48:03,225 [INFO] CADModel:165 - CPN selected for project levelSTM32F103C8T6
2023-11-19 19:48:03,225 [INFO] CADModel:114 - Register for checkConnection events
2023-11-19 19:48:03,292 [INFO] OpenFileManager:328 - Restore cursor
2023-11-19 19:51:02,217 [INFO] Gpio:273 - dependency for GPIO [RCC]
2023-11-19 19:51:39,295 [INFO] UtilMem:75 - End SaveConfig() Used Memory: 795583672 Bytes (1073741824)
2023-11-19 19:51:40,244 [INFO] UtilMem:75 - End SaveConfig() Used Memory: 865821688 Bytes (1073741824)
2023-11-19 19:51:40,504 [INFO] BlockDiagram:2759 - set Specific Code input for plugin: NVIC
2023-11-19 19:51:40,506 [INFO] BlockDiagram:2759 - set Specific Code input for plugin: GPIO
2023-11-19 19:51:40,507 [INFO] BlockDiagram:2759 - set Specific Code input for plugin: RCC
2023-11-19 19:51:40,509 [INFO] CodeGenerator:793 - code generatio: config db path: C:\ST\STM32CubeIDE_1.10.1\STM32CubeIDE\plugins\com.st.stm32cube.common.mx_6.8.1.202304191431\\db\
2023-11-19 19:51:40,684 [INFO] CodeEngine:255 - oldGeneratedFile, D:\Mentorship\EventDrivenDemo_WS\EventBasedDemo01_MX\MXTmpFiles\license.tmp_save
2023-11-19 19:51:40,765 [INFO] CodeEngine:279 - Generated code: D:\Mentorship\EventDrivenDemo_WS\EventBasedDemo01_MX\MXTmpFiles\license.tmp
2023-11-19 19:51:40,797 [INFO] CodeEngine:255 - oldGeneratedFile, D:\Mentorship\EventDrivenDemo_WS\EventBasedDemo01_MX\MXTmpFiles\gpio.tmp_save
2023-11-19 19:51:40,882 [INFO] CodeEngine:279 - Generated code: D:\Mentorship\EventDrivenDemo_WS\EventBasedDemo01_MX\MXTmpFiles\gpio.tmp
2023-11-19 19:51:40,891 [INFO] CodeEngine:255 - oldGeneratedFile, D:\Mentorship\EventDrivenDemo_WS\EventBasedDemo01_MX\Core\Src\stm32f1xx_it.c_save
2023-11-19 19:51:41,236 [INFO] CodeEngine:279 - Generated code: D:\Mentorship\EventDrivenDemo_WS\EventBasedDemo01_MX\Core\Src\stm32f1xx_it.c
2023-11-19 19:51:41,253 [INFO] CodeEngine:255 - oldGeneratedFile, D:\Mentorship\EventDrivenDemo_WS\EventBasedDemo01_MX\Core\Inc\stm32f1xx_it.h_save
2023-11-19 19:51:41,316 [INFO] CodeEngine:279 - Generated code: D:\Mentorship\EventDrivenDemo_WS\EventBasedDemo01_MX\Core\Inc\stm32f1xx_it.h
2023-11-19 19:51:41,332 [INFO] CodeEngine:255 - oldGeneratedFile, D:\Mentorship\EventDrivenDemo_WS\EventBasedDemo01_MX\Core\Src\stm32f1xx_hal_msp.c_save
2023-11-19 19:51:41,531 [INFO] CodeEngine:279 - Generated code: D:\Mentorship\EventDrivenDemo_WS\EventBasedDemo01_MX\Core\Src\stm32f1xx_hal_msp.c
2023-11-19 19:51:41,535 [INFO] CodeEngine:255 - oldGeneratedFile, D:\Mentorship\EventDrivenDemo_WS\EventBasedDemo01_MX\MXTmpFiles\system.tmp_save
2023-11-19 19:51:41,599 [INFO] CodeEngine:279 - Generated code: D:\Mentorship\EventDrivenDemo_WS\EventBasedDemo01_MX\MXTmpFiles\system.tmp
2023-11-19 19:51:41,607 [INFO] CodeEngine:311 - oldGeneratedFile, D:\Mentorship\EventDrivenDemo_WS\EventBasedDemo01_MX\Core\Inc\stm32f1xx_hal_conf.h_save
2023-11-19 19:51:41,689 [INFO] CodeEngine:335 - Generated code: D:\Mentorship\EventDrivenDemo_WS\EventBasedDemo01_MX\Core\Inc\stm32f1xx_hal_conf.h
2023-11-19 19:51:41,708 [INFO] CodeEngine:255 - oldGeneratedFile, D:\Mentorship\EventDrivenDemo_WS\EventBasedDemo01_MX\Core\Inc\main.h_save
2023-11-19 19:51:41,773 [INFO] CodeEngine:279 - Generated code: D:\Mentorship\EventDrivenDemo_WS\EventBasedDemo01_MX\Core\Inc\main.h
2023-11-19 19:51:41,777 [INFO] CodeEngine:255 - oldGeneratedFile, D:\Mentorship\EventDrivenDemo_WS\EventBasedDemo01_MX\Core\Src\main.c_save
2023-11-19 19:51:41,872 [INFO] CodeEngine:279 - Generated code: D:\Mentorship\EventDrivenDemo_WS\EventBasedDemo01_MX\Core\Src\main.c
2023-11-19 19:51:42,477 [INFO] ProjectBuilder:2996 - Time for Copy HAL[1] : 186mS.
2023-11-19 19:51:42,482 [INFO] ProjectBuilder:4304 - Project Generator version: 3.19.2
2023-11-19 19:51:42,831 [INFO] ConfigFileManager:1483 - The Die is : DIE410
2023-11-19 19:51:42,839 [INFO] ApiDbMcu:507 - Load IP Config File for FATFS
2023-11-19 19:51:42,843 [INFO] ApiDbMcu:507 - Load IP Config File for FREERTOS
2023-11-19 19:51:42,849 [INFO] ApiDbMcu:507 - Load IP Config File for USB_DEVICE
2023-11-19 19:51:45,287 [INFO] ProjectBuilder:4505 - Time for Generating toolchain IDE Files: 2804mS.
2023-11-19 19:51:45,288 [INFO] ProjectBuilder:2867 - Time for Copy CMSIS : 0mS.
2023-11-19 19:51:45,289 [INFO] ProjectBuilder:2867 - Time for Copy CMSIS : 0mS.
2023-11-19 19:57:06,293 [INFO] NvicIntPanel:101 - NVIC parent = com.st.microxplorer.plugins.ip.nvic.MultiNvicIntPanel[,0,0,0x0,invalid,layout=javax.swing.BoxLayout,alignmentX=0.0,alignmentY=0.0,border=,flags=9,maximumSize=,minimumSize=,preferredSize=]
2023-11-19 19:57:40,101 [INFO] UtilMem:75 - End SaveConfig() Used Memory: 887983080 Bytes (1073741824)
2023-11-19 19:57:46,569 [INFO] UtilMem:75 - End SaveConfig() Used Memory: 661467576 Bytes (1073741824)
2023-11-19 19:57:46,851 [INFO] BlockDiagram:2759 - set Specific Code input for plugin: NVIC
2023-11-19 19:57:46,851 [INFO] BlockDiagram:2759 - set Specific Code input for plugin: GPIO
2023-11-19 19:57:46,851 [INFO] BlockDiagram:2759 - set Specific Code input for plugin: RCC
2023-11-19 19:57:46,852 [INFO] CodeGenerator:793 - code generatio: config db path: C:\ST\STM32CubeIDE_1.10.1\STM32CubeIDE\plugins\com.st.stm32cube.common.mx_6.8.1.202304191431\\db\
2023-11-19 19:57:47,043 [INFO] CodeEngine:255 - oldGeneratedFile, D:\Mentorship\EventDrivenDemo_WS\EventBasedDemo01_MX\MXTmpFiles\license.tmp_save
2023-11-19 19:57:47,101 [INFO] CodeEngine:279 - Generated code: D:\Mentorship\EventDrivenDemo_WS\EventBasedDemo01_MX\MXTmpFiles\license.tmp
2023-11-19 19:57:47,110 [INFO] CodeEngine:255 - oldGeneratedFile, D:\Mentorship\EventDrivenDemo_WS\EventBasedDemo01_MX\MXTmpFiles\gpio.tmp_save
2023-11-19 19:57:47,164 [INFO] CodeEngine:279 - Generated code: D:\Mentorship\EventDrivenDemo_WS\EventBasedDemo01_MX\MXTmpFiles\gpio.tmp
2023-11-19 19:57:47,170 [INFO] CodeEngine:255 - oldGeneratedFile, D:\Mentorship\EventDrivenDemo_WS\EventBasedDemo01_MX\Core\Src\stm32f1xx_it.c_save
2023-11-19 19:57:47,228 [INFO] CodeEngine:279 - Generated code: D:\Mentorship\EventDrivenDemo_WS\EventBasedDemo01_MX\Core\Src\stm32f1xx_it.c
2023-11-19 19:57:47,231 [INFO] CodeEngine:255 - oldGeneratedFile, D:\Mentorship\EventDrivenDemo_WS\EventBasedDemo01_MX\Core\Inc\stm32f1xx_it.h_save
2023-11-19 19:57:47,286 [INFO] CodeEngine:279 - Generated code: D:\Mentorship\EventDrivenDemo_WS\EventBasedDemo01_MX\Core\Inc\stm32f1xx_it.h
2023-11-19 19:57:47,294 [INFO] CodeEngine:255 - oldGeneratedFile, D:\Mentorship\EventDrivenDemo_WS\EventBasedDemo01_MX\Core\Src\stm32f1xx_hal_msp.c_save
2023-11-19 19:57:47,459 [INFO] CodeEngine:279 - Generated code: D:\Mentorship\EventDrivenDemo_WS\EventBasedDemo01_MX\Core\Src\stm32f1xx_hal_msp.c
2023-11-19 19:57:47,461 [INFO] CodeEngine:255 - oldGeneratedFile, D:\Mentorship\EventDrivenDemo_WS\EventBasedDemo01_MX\MXTmpFiles\system.tmp_save
2023-11-19 19:57:47,510 [INFO] CodeEngine:279 - Generated code: D:\Mentorship\EventDrivenDemo_WS\EventBasedDemo01_MX\MXTmpFiles\system.tmp
2023-11-19 19:57:47,516 [INFO] CodeEngine:311 - oldGeneratedFile, D:\Mentorship\EventDrivenDemo_WS\EventBasedDemo01_MX\Core\Inc\stm32f1xx_hal_conf.h_save
2023-11-19 19:57:47,578 [INFO] CodeEngine:335 - Generated code: D:\Mentorship\EventDrivenDemo_WS\EventBasedDemo01_MX\Core\Inc\stm32f1xx_hal_conf.h
2023-11-19 19:57:47,595 [INFO] CodeEngine:255 - oldGeneratedFile, D:\Mentorship\EventDrivenDemo_WS\EventBasedDemo01_MX\Core\Inc\main.h_save
2023-11-19 19:57:47,684 [INFO] CodeEngine:279 - Generated code: D:\Mentorship\EventDrivenDemo_WS\EventBasedDemo01_MX\Core\Inc\main.h
2023-11-19 19:57:47,688 [INFO] CodeEngine:255 - oldGeneratedFile, D:\Mentorship\EventDrivenDemo_WS\EventBasedDemo01_MX\Core\Src\main.c_save
2023-11-19 19:57:47,811 [INFO] CodeEngine:279 - Generated code: D:\Mentorship\EventDrivenDemo_WS\EventBasedDemo01_MX\Core\Src\main.c
2023-11-19 19:57:48,324 [INFO] ProjectBuilder:2996 - Time for Copy HAL[1] : 86mS.
2023-11-19 19:57:48,326 [INFO] ProjectBuilder:4304 - Project Generator version: 3.19.2
2023-11-19 19:57:48,684 [INFO] ConfigFileManager:1483 - The Die is : DIE410
2023-11-19 19:57:50,918 [INFO] ProjectBuilder:4505 - Time for Generating toolchain IDE Files: 2592mS.
2023-11-19 19:57:50,920 [INFO] ProjectBuilder:2867 - Time for Copy CMSIS : 0mS.
2023-11-19 19:57:50,925 [INFO] ProjectBuilder:2867 - Time for Copy CMSIS : 0mS.
2023-11-19 20:02:58,324 [INFO] Gpio:273 - dependency for GPIO [RCC]
2023-11-19 20:04:17,263 [INFO] UtilMem:75 - End SaveConfig() Used Memory: 925353416 Bytes (1073741824)
2023-11-19 20:04:21,038 [INFO] UtilMem:75 - End SaveConfig() Used Memory: 743711136 Bytes (1073741824)
2023-11-19 20:04:21,241 [INFO] BlockDiagram:2759 - set Specific Code input for plugin: NVIC
2023-11-19 20:04:21,241 [INFO] BlockDiagram:2759 - set Specific Code input for plugin: GPIO
2023-11-19 20:04:21,241 [INFO] BlockDiagram:2759 - set Specific Code input for plugin: RCC
2023-11-19 20:04:21,241 [INFO] CodeGenerator:793 - code generatio: config db path: C:\ST\STM32CubeIDE_1.10.1\STM32CubeIDE\plugins\com.st.stm32cube.common.mx_6.8.1.202304191431\\db\
2023-11-19 20:04:21,376 [INFO] CodeEngine:255 - oldGeneratedFile, D:\Mentorship\EventDrivenDemo_WS\EventBasedDemo01_MX\MXTmpFiles\license.tmp_save
2023-11-19 20:04:21,422 [INFO] CodeEngine:279 - Generated code: D:\Mentorship\EventDrivenDemo_WS\EventBasedDemo01_MX\MXTmpFiles\license.tmp
2023-11-19 20:04:21,431 [INFO] CodeEngine:255 - oldGeneratedFile, D:\Mentorship\EventDrivenDemo_WS\EventBasedDemo01_MX\MXTmpFiles\gpio.tmp_save
2023-11-19 20:04:21,485 [INFO] CodeEngine:279 - Generated code: D:\Mentorship\EventDrivenDemo_WS\EventBasedDemo01_MX\MXTmpFiles\gpio.tmp
2023-11-19 20:04:21,491 [INFO] CodeEngine:255 - oldGeneratedFile, D:\Mentorship\EventDrivenDemo_WS\EventBasedDemo01_MX\Core\Src\stm32f1xx_it.c_save
2023-11-19 20:04:21,541 [INFO] CodeEngine:279 - Generated code: D:\Mentorship\EventDrivenDemo_WS\EventBasedDemo01_MX\Core\Src\stm32f1xx_it.c
2023-11-19 20:04:21,545 [INFO] CodeEngine:255 - oldGeneratedFile, D:\Mentorship\EventDrivenDemo_WS\EventBasedDemo01_MX\Core\Inc\stm32f1xx_it.h_save
2023-11-19 20:04:21,593 [INFO] CodeEngine:279 - Generated code: D:\Mentorship\EventDrivenDemo_WS\EventBasedDemo01_MX\Core\Inc\stm32f1xx_it.h
2023-11-19 20:04:21,603 [INFO] CodeEngine:255 - oldGeneratedFile, D:\Mentorship\EventDrivenDemo_WS\EventBasedDemo01_MX\Core\Src\stm32f1xx_hal_msp.c_save
2023-11-19 20:04:21,674 [INFO] CodeEngine:279 - Generated code: D:\Mentorship\EventDrivenDemo_WS\EventBasedDemo01_MX\Core\Src\stm32f1xx_hal_msp.c
2023-11-19 20:04:21,676 [INFO] CodeEngine:255 - oldGeneratedFile, D:\Mentorship\EventDrivenDemo_WS\EventBasedDemo01_MX\MXTmpFiles\system.tmp_save
2023-11-19 20:04:21,723 [INFO] CodeEngine:279 - Generated code: D:\Mentorship\EventDrivenDemo_WS\EventBasedDemo01_MX\MXTmpFiles\system.tmp
2023-11-19 20:04:21,728 [INFO] CodeEngine:311 - oldGeneratedFile, D:\Mentorship\EventDrivenDemo_WS\EventBasedDemo01_MX\Core\Inc\stm32f1xx_hal_conf.h_save
2023-11-19 20:04:21,781 [INFO] CodeEngine:335 - Generated code: D:\Mentorship\EventDrivenDemo_WS\EventBasedDemo01_MX\Core\Inc\stm32f1xx_hal_conf.h
2023-11-19 20:04:21,795 [INFO] CodeEngine:255 - oldGeneratedFile, D:\Mentorship\EventDrivenDemo_WS\EventBasedDemo01_MX\Core\Inc\main.h_save
2023-11-19 20:04:21,847 [INFO] CodeEngine:279 - Generated code: D:\Mentorship\EventDrivenDemo_WS\EventBasedDemo01_MX\Core\Inc\main.h
2023-11-19 20:04:21,850 [INFO] CodeEngine:255 - oldGeneratedFile, D:\Mentorship\EventDrivenDemo_WS\EventBasedDemo01_MX\Core\Src\main.c_save
2023-11-19 20:04:22,009 [INFO] CodeEngine:279 - Generated code: D:\Mentorship\EventDrivenDemo_WS\EventBasedDemo01_MX\Core\Src\main.c
2023-11-19 20:04:22,503 [INFO] ProjectBuilder:2996 - Time for Copy HAL[1] : 85mS.
2023-11-19 20:04:22,505 [INFO] ProjectBuilder:4304 - Project Generator version: 3.19.2
2023-11-19 20:04:22,889 [INFO] ConfigFileManager:1483 - The Die is : DIE410
2023-11-19 20:04:24,795 [INFO] ProjectBuilder:4505 - Time for Generating toolchain IDE Files: 2289mS.
2023-11-19 20:04:24,796 [INFO] ProjectBuilder:2867 - Time for Copy CMSIS : 1mS.
2023-11-19 20:04:24,802 [INFO] ProjectBuilder:2867 - Time for Copy CMSIS : 0mS.
2023-11-19 20:26:38,751 [ERROR] ServerAccessManage:1146 - Warning during Server Connection :  Unknown host sw-center.st.com
2023-11-19 20:26:38,756 [INFO] MainUpdater:2854 - connection check result : 22
2023-11-19 20:26:38,774 [ERROR] ServerAccessManage:1146 - Warning during Server Connection :  Unknown host sw-center.st.com
2023-11-19 20:26:38,777 [INFO] MainUpdater:2854 - connection check result : 22
2023-11-19 20:26:42,124 [INFO] MicroXplorer:468 - Change Database Path : 
2023-11-19 20:26:42,124 [INFO] MicroXplorer:498 - Change Database Version : DB.6.0.81
2023-11-19 20:26:42,144 [WARN] ThirdParty:871 - waiting for thirdparty lock release [close project]
2023-11-19 20:26:42,144 [INFO] ThirdParty:873 - entering critical section [close project]
2023-11-19 20:26:42,144 [INFO] ThirdParty:883 - exiting critical section [close project]
2023-11-19 20:26:42,146 [INFO] PinOutPanel:1499 - setPackage(No Configuration,No Configuration)
2023-11-19 20:26:42,148 [INFO] UtilMem:75 - Begin LoadConfig() Used Memory: 851893352 Bytes (1073741824)
2023-11-19 20:26:42,148 [INFO] MicroXplorer:468 - Change Database Path : 
2023-11-19 20:26:42,149 [INFO] MicroXplorer:498 - Change Database Version : DB.6.0.81
2023-11-19 20:26:42,149 [INFO] OpenFileManager:308 - Change cursor
2023-11-19 20:26:42,164 [INFO] RulesReader:64 - Compatibility file has been processed (293 Rules)
2023-11-19 20:26:42,165 [INFO] Mcu:1937 - Initializing MCU STM32F103C(8-B)Tx STM32F103C8Tx STM32F103C8T6
2023-11-19 20:26:42,668 [INFO] Context:659 - Trying to add GPIOservice into a context  which must be forbidden
2023-11-19 20:26:42,897 [INFO] RtosManager:555 - Registered RTOS mode: class=CMSIS, group=RTOS, mode=CMSIS_V1, owner=FREERTOS
2023-11-19 20:26:42,897 [INFO] RtosManager:555 - Registered RTOS mode: class=CMSIS, group=RTOS2, mode=CMSIS_V2, owner=FREERTOS
2023-11-19 20:26:42,898 [INFO] RtosManager:555 - Registered RTOS mode: class=RTOS, group=Core, mode=CMSIS_V1, owner=FREERTOS
2023-11-19 20:26:42,898 [INFO] RtosManager:555 - Registered RTOS mode: class=RTOS, group=Core, mode=CMSIS_V2, owner=FREERTOS
2023-11-19 20:26:42,898 [WARN] ModelIntegratedComponent:184 - Missing modes for component STMicroelectronics:FreeRTOS:0.0.1:STMicroelectronics:RTOS:FreeRTOS:Core:::10.2.0:
2023-11-19 20:26:42,900 [WARN] ModelIntegratedComponent:63 - No mode defined for component null
2023-11-19 20:26:42,900 [WARN] ModelIntegratedComponent:63 - No mode defined for component null
2023-11-19 20:26:42,900 [WARN] ModelIntegratedComponent:63 - No mode defined for component null
2023-11-19 20:26:42,900 [WARN] ModelIntegratedComponent:63 - No mode defined for component null
2023-11-19 20:26:42,900 [WARN] ModelIntegratedComponent:63 - No mode defined for component null
2023-11-19 20:26:42,900 [WARN] ModelIntegratedComponent:63 - No mode defined for component null
2023-11-19 20:26:42,900 [WARN] ModelIntegratedComponent:63 - No mode defined for component null
2023-11-19 20:26:42,900 [WARN] ModelIntegratedComponent:63 - No mode defined for component null
2023-11-19 20:26:42,900 [WARN] ModelIntegratedComponent:63 - No mode defined for component null
2023-11-19 20:26:42,901 [WARN] ModelIntegratedComponent:63 - No mode defined for component null
2023-11-19 20:26:42,901 [WARN] ModelIntegratedComponent:63 - No mode defined for component null
2023-11-19 20:26:42,901 [WARN] ModelIntegratedComponent:63 - No mode defined for component null
2023-11-19 20:26:42,901 [WARN] ModelIntegratedComponent:63 - No mode defined for component null
2023-11-19 20:26:42,901 [WARN] ModelIntegratedComponent:63 - No mode defined for component null
2023-11-19 20:26:42,901 [WARN] ModelIntegratedComponent:63 - No mode defined for component null
2023-11-19 20:26:42,901 [WARN] ModelIntegratedComponent:63 - No mode defined for component null
2023-11-19 20:26:42,901 [WARN] ModelIntegratedComponent:63 - No mode defined for component null
2023-11-19 20:26:42,901 [WARN] ModelIntegratedComponent:63 - No mode defined for component null
2023-11-19 20:26:42,901 [WARN] ModelIntegratedComponent:63 - No mode defined for component null
2023-11-19 20:26:42,901 [WARN] ModelIntegratedComponent:63 - No mode defined for component null
2023-11-19 20:26:42,901 [WARN] ModelIntegratedComponent:63 - No mode defined for component null
2023-11-19 20:26:42,901 [WARN] ModelIntegratedComponent:63 - No mode defined for component null
2023-11-19 20:26:42,901 [WARN] ModelIntegratedComponent:63 - No mode defined for component null
2023-11-19 20:26:42,901 [WARN] ModelIntegratedComponent:63 - No mode defined for component null
2023-11-19 20:26:42,901 [WARN] ModelIntegratedComponent:63 - No mode defined for component null
2023-11-19 20:26:42,901 [WARN] ModelIntegratedComponent:63 - No mode defined for component null
2023-11-19 20:26:42,901 [WARN] ModelIntegratedComponent:63 - No mode defined for component null
2023-11-19 20:26:42,902 [WARN] ModelIntegratedComponent:63 - No mode defined for component null
2023-11-19 20:26:42,902 [WARN] ModelIntegratedComponent:63 - No mode defined for component null
2023-11-19 20:26:42,902 [WARN] ModelIntegratedComponent:63 - No mode defined for component null
2023-11-19 20:26:42,902 [WARN] ModelIntegratedComponent:63 - No mode defined for component null
2023-11-19 20:26:42,902 [WARN] ModelIntegratedComponent:63 - No mode defined for component null
2023-11-19 20:26:42,902 [WARN] ModelIntegratedComponent:63 - No mode defined for component null
2023-11-19 20:26:43,428 [INFO] ThirdPartyModel:298 - Start build external matchings
2023-11-19 20:26:46,278 [INFO] ThirdPartyModel:316 - End build external matchings
2023-11-19 20:26:46,323 [INFO] ImportTextPane:194 - (OptionalMessage_ERROR) IP (RCC) : Invalid parameter (FamilyName)
2023-11-19 20:26:46,323 [INFO] ImportTextPane:194 - (OptionalMessage_ERROR) IP (RCC) : Parameter (USBFreq_Value) has invalid value (8000000)
2023-11-19 20:26:46,520 [INFO] UtilMem:75 - End LoadConfig() Used Memory: 931734984 Bytes (1073741824)
2023-11-19 20:26:47,060 [WARN] ThirdParty:833 - waiting for thirdparty lock release [change project]
2023-11-19 20:26:47,060 [INFO] ThirdParty:835 - entering critical section [change project]
2023-11-19 20:26:47,060 [INFO] ThirdParty:1030 - CMSIS Pack Vendor :STMicroelectronics X-CUBE-GNSS1 6.0.0
2023-11-19 20:26:47,060 [INFO] ThirdParty:1030 - CMSIS Pack Vendor :STMicroelectronics USB_HOST 2.0.0
2023-11-19 20:26:47,060 [INFO] ThirdParty:1030 - CMSIS Pack Vendor :STMicroelectronics X-CUBE-AZRTOS-F4 1.1.0
2023-11-19 20:26:47,061 [INFO] ThirdParty:1030 - CMSIS Pack Vendor :STMicroelectronics LIBJPEG 8.0.0
2023-11-19 20:26:47,061 [INFO] ThirdParty:1030 - CMSIS Pack Vendor :STMicroelectronics X-CUBE-SMBUS 2.1.0
2023-11-19 20:26:47,061 [INFO] ThirdParty:1030 - CMSIS Pack Vendor :STMicroelectronics X-CUBE-BLEMGR 1.2.0
2023-11-19 20:26:47,061 [INFO] ThirdParty:1030 - CMSIS Pack Vendor :STMicroelectronics X-CUBE-AZRTOS-F7 1.1.0
2023-11-19 20:26:47,061 [INFO] ThirdParty:1030 - CMSIS Pack Vendor :STMicroelectronics X-CUBE-AZRTOS-L5 2.0.0
2023-11-19 20:26:47,061 [INFO] ThirdParty:1030 - CMSIS Pack Vendor :STMicroelectronics USB_DEVICE 2.0.0
2023-11-19 20:26:47,061 [INFO] ThirdParty:1030 - CMSIS Pack Vendor :STMicroelectronics X-CUBE-MEMS1 9.6.0
2023-11-19 20:26:47,061 [INFO] ThirdParty:1030 - CMSIS Pack Vendor :STMicroelectronics X-CUBE-EEPRMA1 4.2.0
2023-11-19 20:26:47,061 [INFO] ThirdParty:1030 - CMSIS Pack Vendor :ITTIA_DB I-CUBE-ITTIADB 8.8.0
2023-11-19 20:26:47,061 [INFO] ThirdParty:1030 - CMSIS Pack Vendor :STMicroelectronics FP-SNS-MOTENV1 4.3.2
2023-11-19 20:26:47,061 [INFO] ThirdParty:1030 - CMSIS Pack Vendor :STMicroelectronics FP-SNS-MOTENV1 4.3.1
2023-11-19 20:26:47,061 [INFO] ThirdParty:1030 - CMSIS Pack Vendor :STMicroelectronics FP-SNS-FLIGHT1 5.0.1
2023-11-19 20:26:47,062 [INFO] ThirdParty:1030 - CMSIS Pack Vendor :STMicroelectronics X-CUBE-BLE1 6.2.3
2023-11-19 20:26:47,062 [INFO] ThirdParty:1030 - CMSIS Pack Vendor :STMicroelectronics X-CUBE-BLE1 6.2.4
2023-11-19 20:26:47,062 [INFO] ThirdParty:1030 - CMSIS Pack Vendor :STMicroelectronics FreeRTOS 0.0.1
2023-11-19 20:26:47,062 [INFO] ThirdParty:1030 - CMSIS Pack Vendor :emotas I-CUBE-CANOPEN 1.1.3
2023-11-19 20:26:47,062 [INFO] ThirdParty:1030 - CMSIS Pack Vendor :STMicroelectronics X-CUBE-BLEMGR 2.0.0
2023-11-19 20:26:47,062 [INFO] ThirdParty:1030 - CMSIS Pack Vendor :STMicroelectronics FP-SNS-FLIGHT1 5.0.2
2023-11-19 20:26:47,062 [INFO] ThirdParty:1030 - CMSIS Pack Vendor :STMicroelectronics X-CUBE-NFC4 2.0.5
2023-11-19 20:26:47,062 [INFO] ThirdParty:1030 - CMSIS Pack Vendor :STMicroelectronics X-CUBE-AZRTOS-H7 3.1.0
2023-11-19 20:26:47,062 [INFO] ThirdParty:1030 - CMSIS Pack Vendor :STMicroelectronics PDM2PCM 3.3.0
2023-11-19 20:26:47,062 [INFO] ThirdParty:1030 - CMSIS Pack Vendor :STMicroelectronics X-CUBE-DISPLAY 3.0.0
2023-11-19 20:26:47,062 [INFO] ThirdParty:1030 - CMSIS Pack Vendor :wolfSSL I-CUBE-wolfSSL 5.5.3
2023-11-19 20:26:47,062 [INFO] ThirdParty:1030 - CMSIS Pack Vendor :STMicroelectronics X-CUBE-BLE1 7.0.0
2023-11-19 20:26:47,063 [INFO] ThirdParty:1030 - CMSIS Pack Vendor :STMicroelectronics HAL Drivers 0.0.0
2023-11-19 20:26:47,063 [INFO] ThirdParty:1030 - CMSIS Pack Vendor :STMicroelectronics X-CUBE-TOUCHGFX 4.22.0
2023-11-19 20:26:47,063 [INFO] ThirdParty:1030 - CMSIS Pack Vendor :STMicroelectronics X-CUBE-NFC7 1.0.1
2023-11-19 20:26:47,063 [INFO] ThirdParty:1030 - CMSIS Pack Vendor :STMicroelectronics MBEDTLS 2.14.1
2023-11-19 20:26:47,063 [INFO] ThirdParty:1030 - CMSIS Pack Vendor :STMicroelectronics X-CUBE-NFC7 1.0.0
2023-11-19 20:26:47,063 [INFO] ThirdParty:1030 - CMSIS Pack Vendor :STMicroelectronics X-CUBE-TOUCHGFX 4.22.1
2023-11-19 20:26:47,063 [INFO] ThirdParty:1030 - CMSIS Pack Vendor :STMicroelectronics X-CUBE-NFC6 3.0.0
2023-11-19 20:26:47,063 [INFO] ThirdParty:1030 - CMSIS Pack Vendor :STMicroelectronics X-CUBE-MEMS1 9.3.0
2023-11-19 20:26:47,063 [INFO] ThirdParty:1030 - CMSIS Pack Vendor :STMicroelectronics X-CUBE-EEPRMA1 4.1.0
2023-11-19 20:26:47,063 [INFO] ThirdParty:1030 - CMSIS Pack Vendor :STMicroelectronics FP-SNS-SMARTAG2 1.2.0
2023-11-19 20:26:47,063 [INFO] ThirdParty:1030 - CMSIS Pack Vendor :STMicroelectronics X-CUBE-AZRTOS-WL 2.0.0
2023-11-19 20:26:47,063 [INFO] ThirdParty:1030 - CMSIS Pack Vendor :STMicroelectronics USB_DEVICE 1.0.0
2023-11-19 20:26:47,063 [INFO] ThirdParty:1030 - CMSIS Pack Vendor :STMicroelectronics X-CUBE-AI 8.1.0
2023-11-19 20:26:47,064 [INFO] ThirdParty:1030 - CMSIS Pack Vendor :STMicroelectronics X-CUBE-AZRTOS-L4 2.0.0
2023-11-19 20:26:47,064 [INFO] ThirdParty:1030 - CMSIS Pack Vendor :STMicroelectronics ThreadX 0.0.2
2023-11-19 20:26:47,064 [INFO] ThirdParty:1030 - CMSIS Pack Vendor :WES I-CUBE-Cesium 1.3.0
2023-11-19 20:26:47,064 [INFO] ThirdParty:1030 - CMSIS Pack Vendor :STMicroelectronics lwIP 2.1.2
2023-11-19 20:26:47,064 [INFO] ThirdParty:1030 - CMSIS Pack Vendor :STMicroelectronics X-CUBE-SFXS2LP1 4.0.0
2023-11-19 20:26:47,064 [INFO] ThirdParty:1030 - CMSIS Pack Vendor :STMicroelectronics X-CUBE-BLE2 3.3.0
2023-11-19 20:26:47,064 [INFO] ThirdParty:1030 - CMSIS Pack Vendor :STMicroelectronics X-CUBE-DISPLAY 2.2.0
2023-11-19 20:26:47,064 [INFO] ThirdParty:1030 - CMSIS Pack Vendor :STMicroelectronics X-CUBE-TOF1 3.2.0
2023-11-19 20:26:47,064 [INFO] ThirdParty:1030 - CMSIS Pack Vendor :STMicroelectronics PDM2PCM 3.2.0
2023-11-19 20:26:47,065 [INFO] ThirdParty:1030 - CMSIS Pack Vendor :STMicroelectronics X-CUBE-AZRTOS-H7 3.0.0
2023-11-19 20:26:47,065 [INFO] ThirdParty:1030 - CMSIS Pack Vendor :STMicroelectronics X-CUBE-ISPU 1.1.0
2023-11-19 20:26:47,065 [INFO] ThirdParty:1030 - CMSIS Pack Vendor :RoweBots I-CUBE-UNISONRTOS 5.5.0-4
2023-11-19 20:26:47,065 [INFO] ThirdParty:1030 - CMSIS Pack Vendor :STMicroelectronics X-CUBE-AZRTOS-H7 2.1.0
2023-11-19 20:26:47,065 [INFO] ThirdParty:1030 - CMSIS Pack Vendor :STMicroelectronics USB_DEVICE 3.0.0
2023-11-19 20:26:47,065 [INFO] ThirdParty:1030 - CMSIS Pack Vendor :STMicroelectronics X-CUBE-AI 8.0.0
2023-11-19 20:26:47,065 [INFO] ThirdParty:1030 - CMSIS Pack Vendor :STMicroelectronics X-CUBE-AZRTOS-WB 2.0.0
2023-11-19 20:26:47,065 [INFO] ThirdParty:1030 - CMSIS Pack Vendor :STMicroelectronics X-CUBE-FREERTOS 1.0.0
2023-11-19 20:26:47,065 [INFO] ThirdParty:1030 - CMSIS Pack Vendor :STMicroelectronics X-CUBE-FREERTOS 1.0.1
2023-11-19 20:26:47,065 [INFO] ThirdParty:1030 - CMSIS Pack Vendor :STMicroelectronics X-CUBE-TOUCHGFX 4.21.1
2023-11-19 20:26:47,065 [INFO] ThirdParty:1030 - CMSIS Pack Vendor :STMicroelectronics X-CUBE-TOUCHGFX 4.21.4
2023-11-19 20:26:47,066 [INFO] ThirdParty:1030 - CMSIS Pack Vendor :STMicroelectronics X-CUBE-MEMS1 9.4.0
2023-11-19 20:26:47,066 [INFO] ThirdParty:1030 - CMSIS Pack Vendor :STMicroelectronics X-CUBE-AI 7.3.0
2023-11-19 20:26:47,066 [INFO] ThirdParty:1030 - CMSIS Pack Vendor :STMicroelectronics X-CUBE-ALGOBUILD 1.3.0
2023-11-19 20:26:47,066 [INFO] ThirdParty:1030 - CMSIS Pack Vendor :STMicroelectronics X-CUBE-AZRTOS-L5 1.1.0
2023-11-19 20:26:47,066 [INFO] ThirdParty:1030 - CMSIS Pack Vendor :STMicroelectronics X-CUBE-AZRTOS-G0 1.1.0
2023-11-19 20:26:47,066 [INFO] ThirdParty:1030 - CMSIS Pack Vendor :STMicroelectronics X-CUBE-AI 8.0.1
2023-11-19 20:26:47,066 [INFO] ThirdParty:1030 - CMSIS Pack Vendor :STMicroelectronics X-CUBE-NFC4 3.0.0
2023-11-19 20:26:47,066 [INFO] ThirdParty:1030 - CMSIS Pack Vendor :STMicroelectronics X-CUBE-SUBG2 5.0.0
2023-11-19 20:26:47,067 [INFO] ThirdParty:1030 - CMSIS Pack Vendor :STMicroelectronics STM32_WPAN 1.0.0
2023-11-19 20:26:47,067 [INFO] ThirdParty:1030 - CMSIS Pack Vendor :SEGGER I-CUBE-embOS 1.2.1
2023-11-19 20:26:47,067 [INFO] ThirdParty:1030 - CMSIS Pack Vendor :STMicroelectronics lwIP 2.0.3
2023-11-19 20:26:47,067 [INFO] ThirdParty:1030 - CMSIS Pack Vendor :STMicroelectronics USB_HOST 1.0.0
2023-11-19 20:26:47,067 [INFO] ThirdParty:1030 - CMSIS Pack Vendor :STMicroelectronics X-CUBE-TOF1 3.3.1
2023-11-19 20:26:47,067 [INFO] ThirdParty:1030 - CMSIS Pack Vendor :STMicroelectronics X-CUBE-AZRTOS-G4 2.0.0
2023-11-19 20:26:47,067 [INFO] ThirdParty:1030 - CMSIS Pack Vendor :STMicroelectronics PDM2PCM 3.1.0
2023-11-19 20:26:47,067 [INFO] ThirdParty:1030 - CMSIS Pack Vendor :STMicroelectronics X-CUBE-TOF1 3.3.0
2023-11-19 20:26:47,068 [INFO] ThirdParty:1030 - CMSIS Pack Vendor :STMicroelectronics FP-ATR-ASTRA1 1.1.1
2023-11-19 20:26:47,068 [INFO] ThirdParty:1030 - CMSIS Pack Vendor :Infineon AIROC-Wi-Fi-Bluetooth-STM32 1.5.1
2023-11-19 20:26:47,068 [INFO] ThirdParty:1030 - CMSIS Pack Vendor :STMicroelectronics X-CUBE-BLEMGR 3.0.0
2023-11-19 20:26:47,068 [INFO] ThirdParty:1030 - CMSIS Pack Vendor :STMicroelectronics X-CUBE-BLEMGR 1.3.0
2023-11-19 20:26:47,068 [INFO] ThirdParty:1030 - CMSIS Pack Vendor :STMicroelectronics FP-SNS-MOTENVWB1 1.3.0
2023-11-19 20:26:47,068 [INFO] ThirdParty:1030 - CMSIS Pack Vendor :STMicroelectronics FP-ATR-SIGFOX1 3.2.0
2023-11-19 20:26:47,068 [INFO] ThirdParty:1030 - CMSIS Pack Vendor :STMicroelectronics X-CUBE-AZRTOS-G4 1.0.0
2023-11-19 20:26:47,068 [INFO] ThirdParty:1030 - CMSIS Pack Vendor :STMicroelectronics X-CUBE-AZRTOS-L4 1.0.0
2023-11-19 20:26:47,068 [INFO] ThirdParty:1030 - CMSIS Pack Vendor :STMicroelectronics MBEDTLS 2.16.2
2023-11-19 20:26:47,068 [INFO] ThirdParty:1030 - CMSIS Pack Vendor :STMicroelectronics X-CUBE-TOUCHGFX 4.20.0
2023-11-19 20:26:47,068 [INFO] ThirdParty:1030 - CMSIS Pack Vendor :STMicroelectronics X-CUBE-MEMS1 10.0.0
2023-11-19 20:26:47,069 [INFO] ThirdParty:1030 - CMSIS Pack Vendor :STMicroelectronics X-CUBE-FREERTOS 1.1.0
2023-11-19 20:26:47,069 [INFO] ThirdParty:1030 - CMSIS Pack Vendor :STMicroelectronics X-CUBE-AZRTOS-WL 1.0.0
2023-11-19 20:26:47,069 [INFO] ThirdParty:1030 - CMSIS Pack Vendor :portGmbH I-Cube-SoM-uGOAL 1.1.0
2023-11-19 20:26:47,069 [INFO] ThirdParty:1030 - CMSIS Pack Vendor :STMicroelectronics X-CUBE-ALS 1.0.1
2023-11-19 20:26:47,069 [INFO] ThirdParty:1030 - CMSIS Pack Vendor :STMicroelectronics X-CUBE-MEMS1 9.5.0
2023-11-19 20:26:47,069 [INFO] ThirdParty:1030 - CMSIS Pack Vendor :STMicroelectronics ThreadX 1.0.0
2023-11-19 20:26:47,069 [INFO] ThirdParty:1030 - CMSIS Pack Vendor :STMicroelectronics X-CUBE-AZRTOS-WB 1.1.0
2023-11-19 20:26:47,069 [INFO] ThirdParty:1030 - CMSIS Pack Vendor :SEGGER I-CUBE-embOS 1.3.1
2023-11-19 20:26:47,069 [INFO] ThirdParty:1030 - CMSIS Pack Vendor :STMicroelectronics X-CUBE-AZRTOS-L5 1.0.0
2023-11-19 20:26:47,069 [INFO] ThirdParty:1030 - CMSIS Pack Vendor :STMicroelectronics X-CUBE-EEPRMA1 3.1.1
2023-11-19 20:26:47,069 [INFO] ThirdParty:1030 - CMSIS Pack Vendor :STMicroelectronics FP-ATR-ASTRA1 2.0.0
2023-11-19 20:26:47,070 [INFO] ThirdParty:841 - exiting critical section [change project]
2023-11-19 20:26:47,282 [INFO] PinOutPanel:1499 - setPackage(No Configuration,No Configuration)
2023-11-19 20:26:47,282 [INFO] PinOutPanel:1499 - setPackage(STM32F103C8Tx,LQFP48)
2023-11-19 20:26:47,616 [INFO] UtilMem:75 - Before build in PCC Used Memory: 657586496 Bytes (1073741824)
2023-11-19 20:26:47,842 [INFO] UtilMem:75 - After build in PCC Used Memory: 700481936 Bytes (1073741824)
2023-11-19 20:26:47,855 [INFO] IPUIPlugin:80 - create IPUIPlugin
2023-11-19 20:26:47,855 [INFO] IPUIPlugin:80 - create IPUIPlugin
2023-11-19 20:26:47,855 [INFO] IPUIPlugin:80 - create IPUIPlugin
2023-11-19 20:26:47,855 [INFO] IPUIPlugin:80 - create IPUIPlugin
2023-11-19 20:26:47,855 [INFO] IPUIPlugin:80 - create IPUIPlugin
2023-11-19 20:26:47,855 [INFO] IPUIPlugin:80 - create IPUIPlugin
2023-11-19 20:26:47,856 [INFO] IPUIPlugin:80 - create IPUIPlugin
2023-11-19 20:26:47,856 [INFO] IPUIPlugin:80 - create IPUIPlugin
2023-11-19 20:26:47,856 [INFO] IPUIPlugin:80 - create IPUIPlugin
2023-11-19 20:26:47,856 [INFO] IPUIPlugin:80 - create IPUIPlugin
2023-11-19 20:26:47,856 [INFO] IPUIPlugin:80 - create IPUIPlugin
2023-11-19 20:26:47,856 [INFO] IPUIPlugin:80 - create IPUIPlugin
2023-11-19 20:26:47,856 [INFO] IPUIPlugin:80 - create IPUIPlugin
2023-11-19 20:26:47,857 [INFO] IPUIPlugin:80 - create IPUIPlugin
2023-11-19 20:26:47,857 [INFO] IPUIPlugin:80 - create IPUIPlugin
2023-11-19 20:26:47,857 [INFO] IPUIPlugin:80 - create IPUIPlugin
2023-11-19 20:26:47,857 [INFO] IPUIPlugin:80 - create IPUIPlugin
2023-11-19 20:26:47,857 [INFO] IPUIPlugin:80 - create IPUIPlugin
2023-11-19 20:26:47,857 [INFO] IPUIPlugin:80 - create IPUIPlugin
2023-11-19 20:26:47,857 [INFO] IPUIPlugin:80 - create IPUIPlugin
2023-11-19 20:26:47,858 [INFO] IPUIPlugin:80 - create IPUIPlugin
2023-11-19 20:26:47,858 [INFO] IPUIPlugin:80 - create IPUIPlugin
2023-11-19 20:26:47,858 [INFO] IPUIPlugin:80 - create IPUIPlugin
2023-11-19 20:26:47,858 [INFO] IPUIPlugin:80 - create IPUIPlugin
2023-11-19 20:26:47,858 [INFO] IPUIPlugin:80 - create IPUIPlugin
2023-11-19 20:26:47,859 [INFO] IPUIPlugin:80 - create IPUIPlugin
2023-11-19 20:26:47,859 [INFO] IPUIPlugin:80 - create IPUIPlugin
2023-11-19 20:26:47,875 [INFO] CADModel:165 - CPN selected for project levelSTM32F103C8T6
2023-11-19 20:26:47,875 [INFO] CADModel:114 - Register for checkConnection events
2023-11-19 20:26:47,964 [INFO] OpenFileManager:328 - Restore cursor
2023-11-19 20:28:50,750 [INFO] UtilMem:75 - End SaveConfig() Used Memory: 657776504 Bytes (1073741824)
2023-11-19 20:29:00,584 [INFO] Gpio:273 - dependency for GPIO [RCC]
2023-11-19 20:29:02,885 [INFO] NvicIntPanel:101 - NVIC parent = com.st.microxplorer.plugins.ip.nvic.MultiNvicIntPanel[,2,27,388x396,layout=javax.swing.BoxLayout,alignmentX=0.0,alignmentY=0.0,border=,flags=9,maximumSize=,minimumSize=,preferredSize=]
2023-11-19 20:29:03,955 [INFO] Gpio:273 - dependency for GPIO [RCC]
2023-11-19 20:29:31,017 [INFO] UtilMem:75 - End SaveConfig() Used Memory: 732358384 Bytes (1073741824)
2023-11-19 20:29:34,737 [INFO] UtilMem:75 - End SaveConfig() Used Memory: 842655488 Bytes (1073741824)
2023-11-19 20:29:34,977 [INFO] BlockDiagram:2759 - set Specific Code input for plugin: NVIC
2023-11-19 20:29:34,978 [INFO] BlockDiagram:2759 - set Specific Code input for plugin: GPIO
2023-11-19 20:29:34,978 [INFO] BlockDiagram:2759 - set Specific Code input for plugin: RCC
2023-11-19 20:29:34,978 [INFO] CodeGenerator:793 - code generatio: config db path: C:\ST\STM32CubeIDE_1.10.1\STM32CubeIDE\plugins\com.st.stm32cube.common.mx_6.8.1.202304191431\\db\
2023-11-19 20:29:35,135 [INFO] CodeEngine:255 - oldGeneratedFile, D:\Mentorship\EventDrivenDemo_WS\EventBasedDemo01_MX\MXTmpFiles\license.tmp_save
2023-11-19 20:29:35,215 [INFO] CodeEngine:279 - Generated code: D:\Mentorship\EventDrivenDemo_WS\EventBasedDemo01_MX\MXTmpFiles\license.tmp
2023-11-19 20:29:35,237 [INFO] CodeEngine:255 - oldGeneratedFile, D:\Mentorship\EventDrivenDemo_WS\EventBasedDemo01_MX\MXTmpFiles\gpio.tmp_save
2023-11-19 20:29:35,315 [INFO] CodeEngine:279 - Generated code: D:\Mentorship\EventDrivenDemo_WS\EventBasedDemo01_MX\MXTmpFiles\gpio.tmp
2023-11-19 20:29:35,321 [INFO] CodeEngine:255 - oldGeneratedFile, D:\Mentorship\EventDrivenDemo_WS\EventBasedDemo01_MX\Core\Src\stm32f1xx_it.c_save
2023-11-19 20:29:35,572 [INFO] CodeEngine:279 - Generated code: D:\Mentorship\EventDrivenDemo_WS\EventBasedDemo01_MX\Core\Src\stm32f1xx_it.c
2023-11-19 20:29:35,576 [INFO] CodeEngine:255 - oldGeneratedFile, D:\Mentorship\EventDrivenDemo_WS\EventBasedDemo01_MX\Core\Inc\stm32f1xx_it.h_save
2023-11-19 20:29:35,692 [INFO] CodeEngine:279 - Generated code: D:\Mentorship\EventDrivenDemo_WS\EventBasedDemo01_MX\Core\Inc\stm32f1xx_it.h
2023-11-19 20:29:35,703 [INFO] CodeEngine:255 - oldGeneratedFile, D:\Mentorship\EventDrivenDemo_WS\EventBasedDemo01_MX\Core\Src\stm32f1xx_hal_msp.c_save
2023-11-19 20:29:35,791 [INFO] CodeEngine:279 - Generated code: D:\Mentorship\EventDrivenDemo_WS\EventBasedDemo01_MX\Core\Src\stm32f1xx_hal_msp.c
2023-11-19 20:29:35,794 [INFO] CodeEngine:255 - oldGeneratedFile, D:\Mentorship\EventDrivenDemo_WS\EventBasedDemo01_MX\MXTmpFiles\system.tmp_save
2023-11-19 20:29:35,840 [INFO] CodeEngine:279 - Generated code: D:\Mentorship\EventDrivenDemo_WS\EventBasedDemo01_MX\MXTmpFiles\system.tmp
2023-11-19 20:29:35,845 [INFO] CodeEngine:311 - oldGeneratedFile, D:\Mentorship\EventDrivenDemo_WS\EventBasedDemo01_MX\Core\Inc\stm32f1xx_hal_conf.h_save
2023-11-19 20:29:35,901 [INFO] CodeEngine:335 - Generated code: D:\Mentorship\EventDrivenDemo_WS\EventBasedDemo01_MX\Core\Inc\stm32f1xx_hal_conf.h
2023-11-19 20:29:35,914 [INFO] CodeEngine:255 - oldGeneratedFile, D:\Mentorship\EventDrivenDemo_WS\EventBasedDemo01_MX\Core\Inc\main.h_save
2023-11-19 20:29:35,979 [INFO] CodeEngine:279 - Generated code: D:\Mentorship\EventDrivenDemo_WS\EventBasedDemo01_MX\Core\Inc\main.h
2023-11-19 20:29:35,983 [INFO] CodeEngine:255 - oldGeneratedFile, D:\Mentorship\EventDrivenDemo_WS\EventBasedDemo01_MX\Core\Src\main.c_save
2023-11-19 20:29:36,055 [INFO] CodeEngine:279 - Generated code: D:\Mentorship\EventDrivenDemo_WS\EventBasedDemo01_MX\Core\Src\main.c
2023-11-19 20:29:36,616 [INFO] ProjectBuilder:2996 - Time for Copy HAL[1] : 89mS.
2023-11-19 20:29:36,618 [INFO] ProjectBuilder:4304 - Project Generator version: 3.19.2
2023-11-19 20:29:36,944 [INFO] ConfigFileManager:1483 - The Die is : DIE410
2023-11-19 20:29:36,946 [INFO] ApiDbMcu:507 - Load IP Config File for FATFS
2023-11-19 20:29:36,949 [INFO] ApiDbMcu:507 - Load IP Config File for FREERTOS
2023-11-19 20:29:36,953 [INFO] ApiDbMcu:507 - Load IP Config File for USB_DEVICE
2023-11-19 20:29:38,933 [INFO] ProjectBuilder:4505 - Time for Generating toolchain IDE Files: 2315mS.
2023-11-19 20:29:38,935 [INFO] ProjectBuilder:2867 - Time for Copy CMSIS : 1mS.
2023-11-19 20:29:38,940 [INFO] ProjectBuilder:2867 - Time for Copy CMSIS : 0mS.
2023-11-19 22:36:45,380 [INFO] Gpio:273 - dependency for GPIO [RCC]
2023-11-19 22:36:51,285 [INFO] NvicIntPanel:101 - NVIC parent = com.st.microxplorer.plugins.ip.nvic.MultiNvicIntPanel[,2,27,561x396,layout=javax.swing.BoxLayout,alignmentX=0.0,alignmentY=0.0,border=,flags=9,maximumSize=,minimumSize=,preferredSize=]
2023-11-19 22:38:05,593 [INFO] UtilMem:75 - End SaveConfig() Used Memory: 981765664 Bytes (1073741824)
2023-11-19 22:38:16,754 [INFO] UtilMem:75 - End SaveConfig() Used Memory: 964596344 Bytes (1073741824)
2023-11-19 22:38:17,026 [INFO] BlockDiagram:2759 - set Specific Code input for plugin: NVIC
2023-11-19 22:38:17,026 [INFO] BlockDiagram:2759 - set Specific Code input for plugin: GPIO
2023-11-19 22:38:17,026 [INFO] BlockDiagram:2759 - set Specific Code input for plugin: RCC
2023-11-19 22:38:17,027 [INFO] CodeGenerator:793 - code generatio: config db path: C:\ST\STM32CubeIDE_1.10.1\STM32CubeIDE\plugins\com.st.stm32cube.common.mx_6.8.1.202304191431\\db\
2023-11-19 22:38:17,244 [INFO] CodeEngine:255 - oldGeneratedFile, D:\Mentorship\EventDrivenDemo_WS\EventBasedDemo01_MX\MXTmpFiles\license.tmp_save
2023-11-19 22:38:17,325 [INFO] CodeEngine:279 - Generated code: D:\Mentorship\EventDrivenDemo_WS\EventBasedDemo01_MX\MXTmpFiles\license.tmp
2023-11-19 22:38:17,334 [INFO] CodeEngine:255 - oldGeneratedFile, D:\Mentorship\EventDrivenDemo_WS\EventBasedDemo01_MX\MXTmpFiles\gpio.tmp_save
2023-11-19 22:38:17,424 [INFO] CodeEngine:279 - Generated code: D:\Mentorship\EventDrivenDemo_WS\EventBasedDemo01_MX\MXTmpFiles\gpio.tmp
2023-11-19 22:38:17,431 [INFO] CodeEngine:255 - oldGeneratedFile, D:\Mentorship\EventDrivenDemo_WS\EventBasedDemo01_MX\Core\Src\stm32f1xx_it.c_save
2023-11-19 22:38:17,689 [INFO] CodeEngine:279 - Generated code: D:\Mentorship\EventDrivenDemo_WS\EventBasedDemo01_MX\Core\Src\stm32f1xx_it.c
2023-11-19 22:38:17,693 [INFO] CodeEngine:255 - oldGeneratedFile, D:\Mentorship\EventDrivenDemo_WS\EventBasedDemo01_MX\Core\Inc\stm32f1xx_it.h_save
2023-11-19 22:38:17,743 [INFO] CodeEngine:279 - Generated code: D:\Mentorship\EventDrivenDemo_WS\EventBasedDemo01_MX\Core\Inc\stm32f1xx_it.h
2023-11-19 22:38:17,753 [INFO] CodeEngine:255 - oldGeneratedFile, D:\Mentorship\EventDrivenDemo_WS\EventBasedDemo01_MX\Core\Src\stm32f1xx_hal_msp.c_save
2023-11-19 22:38:17,829 [INFO] CodeEngine:279 - Generated code: D:\Mentorship\EventDrivenDemo_WS\EventBasedDemo01_MX\Core\Src\stm32f1xx_hal_msp.c
2023-11-19 22:38:17,832 [INFO] CodeEngine:255 - oldGeneratedFile, D:\Mentorship\EventDrivenDemo_WS\EventBasedDemo01_MX\MXTmpFiles\system.tmp_save
2023-11-19 22:38:17,890 [INFO] CodeEngine:279 - Generated code: D:\Mentorship\EventDrivenDemo_WS\EventBasedDemo01_MX\MXTmpFiles\system.tmp
2023-11-19 22:38:17,896 [INFO] CodeEngine:311 - oldGeneratedFile, D:\Mentorship\EventDrivenDemo_WS\EventBasedDemo01_MX\Core\Inc\stm32f1xx_hal_conf.h_save
2023-11-19 22:38:17,950 [INFO] CodeEngine:335 - Generated code: D:\Mentorship\EventDrivenDemo_WS\EventBasedDemo01_MX\Core\Inc\stm32f1xx_hal_conf.h
2023-11-19 22:38:17,964 [INFO] CodeEngine:255 - oldGeneratedFile, D:\Mentorship\EventDrivenDemo_WS\EventBasedDemo01_MX\Core\Inc\main.h_save
2023-11-19 22:38:18,032 [INFO] CodeEngine:279 - Generated code: D:\Mentorship\EventDrivenDemo_WS\EventBasedDemo01_MX\Core\Inc\main.h
2023-11-19 22:38:18,036 [INFO] CodeEngine:255 - oldGeneratedFile, D:\Mentorship\EventDrivenDemo_WS\EventBasedDemo01_MX\Core\Src\main.c_save
2023-11-19 22:38:18,117 [INFO] CodeEngine:279 - Generated code: D:\Mentorship\EventDrivenDemo_WS\EventBasedDemo01_MX\Core\Src\main.c
2023-11-19 22:38:18,693 [INFO] ProjectBuilder:2996 - Time for Copy HAL[1] : 108mS.
2023-11-19 22:38:18,697 [INFO] ProjectBuilder:4304 - Project Generator version: 3.19.2
2023-11-19 22:38:19,614 [INFO] ConfigFileManager:1483 - The Die is : DIE410
2023-11-19 22:38:22,428 [INFO] ProjectBuilder:4505 - Time for Generating toolchain IDE Files: 3731mS.
2023-11-19 22:38:22,431 [INFO] ProjectBuilder:2867 - Time for Copy CMSIS : 1mS.
2023-11-19 22:38:22,436 [INFO] ProjectBuilder:2867 - Time for Copy CMSIS : 0mS.
2023-11-19 22:46:42,966 [INFO] Gpio:273 - dependency for GPIO [RCC]
2023-11-19 22:47:33,823 [INFO] NvicIntPanel:101 - NVIC parent = com.st.microxplorer.plugins.ip.nvic.MultiNvicIntPanel[,2,27,631x396,layout=javax.swing.BoxLayout,alignmentX=0.0,alignmentY=0.0,border=,flags=9,maximumSize=,minimumSize=,preferredSize=]
2023-11-19 22:47:47,492 [INFO] Gpio:273 - dependency for GPIO [RCC]
2023-11-19 22:47:52,892 [INFO] NvicIntPanel:101 - NVIC parent = com.st.microxplorer.plugins.ip.nvic.MultiNvicIntPanel[,2,27,631x396,layout=javax.swing.BoxLayout,alignmentX=0.0,alignmentY=0.0,border=,flags=9,maximumSize=,minimumSize=,preferredSize=]
2023-11-19 22:48:05,038 [INFO] Gpio:273 - dependency for GPIO [RCC]
2023-11-19 22:48:05,059 [INFO] NvicIntPanel:101 - NVIC parent = com.st.microxplorer.plugins.ip.nvic.MultiNvicIntPanel[,0,0,0x0,invalid,layout=javax.swing.BoxLayout,alignmentX=0.0,alignmentY=0.0,border=,flags=9,maximumSize=,minimumSize=,preferredSize=]
2023-11-19 22:48:31,053 [INFO] UtilMem:75 - End SaveConfig() Used Memory: 776977944 Bytes (1073741824)
2023-11-19 22:48:57,445 [INFO] UtilMem:75 - End SaveConfig() Used Memory: 809749576 Bytes (1073741824)
2023-11-19 22:48:57,691 [INFO] BlockDiagram:2759 - set Specific Code input for plugin: NVIC
2023-11-19 22:48:57,691 [INFO] BlockDiagram:2759 - set Specific Code input for plugin: GPIO
2023-11-19 22:48:57,691 [INFO] BlockDiagram:2759 - set Specific Code input for plugin: RCC
2023-11-19 22:48:57,692 [INFO] CodeGenerator:793 - code generatio: config db path: C:\ST\STM32CubeIDE_1.10.1\STM32CubeIDE\plugins\com.st.stm32cube.common.mx_6.8.1.202304191431\\db\
2023-11-19 22:48:57,841 [INFO] CodeEngine:255 - oldGeneratedFile, D:\Mentorship\EventDrivenDemo_WS\EventBasedDemo01_MX\MXTmpFiles\license.tmp_save
2023-11-19 22:48:57,907 [INFO] CodeEngine:279 - Generated code: D:\Mentorship\EventDrivenDemo_WS\EventBasedDemo01_MX\MXTmpFiles\license.tmp
2023-11-19 22:48:57,919 [INFO] CodeEngine:255 - oldGeneratedFile, D:\Mentorship\EventDrivenDemo_WS\EventBasedDemo01_MX\MXTmpFiles\gpio.tmp_save
2023-11-19 22:48:57,981 [INFO] CodeEngine:279 - Generated code: D:\Mentorship\EventDrivenDemo_WS\EventBasedDemo01_MX\MXTmpFiles\gpio.tmp
2023-11-19 22:48:57,988 [INFO] CodeEngine:255 - oldGeneratedFile, D:\Mentorship\EventDrivenDemo_WS\EventBasedDemo01_MX\Core\Src\stm32f1xx_it.c_save
2023-11-19 22:48:58,172 [INFO] CodeEngine:279 - Generated code: D:\Mentorship\EventDrivenDemo_WS\EventBasedDemo01_MX\Core\Src\stm32f1xx_it.c
2023-11-19 22:48:58,176 [INFO] CodeEngine:255 - oldGeneratedFile, D:\Mentorship\EventDrivenDemo_WS\EventBasedDemo01_MX\Core\Inc\stm32f1xx_it.h_save
2023-11-19 22:48:58,381 [INFO] CodeEngine:279 - Generated code: D:\Mentorship\EventDrivenDemo_WS\EventBasedDemo01_MX\Core\Inc\stm32f1xx_it.h
2023-11-19 22:48:58,394 [INFO] CodeEngine:255 - oldGeneratedFile, D:\Mentorship\EventDrivenDemo_WS\EventBasedDemo01_MX\Core\Src\stm32f1xx_hal_msp.c_save
2023-11-19 22:48:58,474 [INFO] CodeEngine:279 - Generated code: D:\Mentorship\EventDrivenDemo_WS\EventBasedDemo01_MX\Core\Src\stm32f1xx_hal_msp.c
2023-11-19 22:48:58,477 [INFO] CodeEngine:255 - oldGeneratedFile, D:\Mentorship\EventDrivenDemo_WS\EventBasedDemo01_MX\MXTmpFiles\system.tmp_save
2023-11-19 22:48:58,528 [INFO] CodeEngine:279 - Generated code: D:\Mentorship\EventDrivenDemo_WS\EventBasedDemo01_MX\MXTmpFiles\system.tmp
2023-11-19 22:48:58,534 [INFO] CodeEngine:311 - oldGeneratedFile, D:\Mentorship\EventDrivenDemo_WS\EventBasedDemo01_MX\Core\Inc\stm32f1xx_hal_conf.h_save
2023-11-19 22:48:58,588 [INFO] CodeEngine:335 - Generated code: D:\Mentorship\EventDrivenDemo_WS\EventBasedDemo01_MX\Core\Inc\stm32f1xx_hal_conf.h
2023-11-19 22:48:58,604 [INFO] CodeEngine:255 - oldGeneratedFile, D:\Mentorship\EventDrivenDemo_WS\EventBasedDemo01_MX\Core\Inc\main.h_save
2023-11-19 22:48:58,672 [INFO] CodeEngine:279 - Generated code: D:\Mentorship\EventDrivenDemo_WS\EventBasedDemo01_MX\Core\Inc\main.h
2023-11-19 22:48:58,675 [INFO] CodeEngine:255 - oldGeneratedFile, D:\Mentorship\EventDrivenDemo_WS\EventBasedDemo01_MX\Core\Src\main.c_save
2023-11-19 22:48:58,750 [INFO] CodeEngine:279 - Generated code: D:\Mentorship\EventDrivenDemo_WS\EventBasedDemo01_MX\Core\Src\main.c
2023-11-19 22:48:59,346 [INFO] ProjectBuilder:2996 - Time for Copy HAL[1] : 85mS.
2023-11-19 22:48:59,348 [INFO] ProjectBuilder:4304 - Project Generator version: 3.19.2
2023-11-19 22:48:59,679 [INFO] ConfigFileManager:1483 - The Die is : DIE410
2023-11-19 22:49:01,593 [INFO] ProjectBuilder:4505 - Time for Generating toolchain IDE Files: 2245mS.
2023-11-19 22:49:01,594 [INFO] ProjectBuilder:2867 - Time for Copy CMSIS : 1mS.
2023-11-19 22:49:01,600 [INFO] ProjectBuilder:2867 - Time for Copy CMSIS : 0mS.
2023-11-19 23:47:26,922 [INFO] WebAppUi:1035 - Web application message: [UlApiManager component] Connecting to SSO
2023-11-19 23:47:26,925 [INFO] WebAppUi:1035 - Web application message: [UlApiManager component] Connecting to SSO
2023-11-19 23:47:26,928 [INFO] WebAppUi:1035 - Web application message: Reloading CAD
2023-11-19 23:47:28,338 [INFO] WebAppUi:1035 - Web application message: [UlApiManager component] Connected to Ultra Librarian SSO
2023-11-19 23:47:28,346 [INFO] WebAppUi:1035 - Web application message: [UlApiManager component] Connected to Ultra Librarian API
2023-11-19 23:47:28,434 [INFO] WebAppUi:1035 - Web application message: [UlApiManager component] Connected to Ultra Librarian SSO
2023-11-19 23:47:28,439 [INFO] WebAppUi:1035 - Web application message: [UlApiManager component] Connected to Ultra Librarian API
2023-11-19 23:47:29,332 [INFO] WebAppUi:1035 - Web application message: No network connection
2023-11-19 23:47:29,333 [INFO] WebAppUi:1035 - Web application message: Cannot get data because API not available
